#
# A fatal error has been detected by the Java Runtime Environment:
#
#  SIGSEGV (0xb) at pc=0xb6ce4c82, pid=4581, tid=0xb63e2700
#
# JRE version: OpenJDK Runtime Environment (8.0_111-b14) (build 1.8.0_111-8u111-b14-2ubuntu0.16.04.2-b14)
# Java VM: OpenJDK Server VM (25.111-b14 mixed mode linux-x86 )
# Problematic frame:
# V  [libjvm.so+0x52ac82]
#
# Failed to write core dump. Core dumps have been disabled. To enable core dumping, try "ulimit -c unlimited" before starting Java again
#
# If you would like to submit a bug report, please visit:
#   http://bugreport.java.com/bugreport/crash.jsp
#

---------------  T H R E A D  ---------------

Current thread is native thread

siginfo: si_signo: 11 (SIGSEGV), si_code: 1 (SEGV_MAPERR), si_addr: 0x00000168

Registers:
EAX=0x00000000, EBX=0xb72cb000, ECX=0xb67a1000, EDX=0x0815752c
ESP=0xbffaef30, EBP=0xbffaef38, ESI=0x00000000, EDI=0x08157400
EIP=0xb6ce4c82, EFLAGS=0x00010296, CR2=0x00000168

Top of Stack: (sp=0xbffaef30)
0xbffaef30:   b72cb000 0815752c bffaef98 b6ce6e78
0xbffaef40:   08157400 000000ec 08156be0 3ecb3000
0xbffaef50:   b72cb000 b67a1000 b70387cb bffaefec
0xbffaef60:   00000000 08157400 bffaefa8 b6ce4fc2
0xbffaef70:   b6659cc7 b67a1000 0000001b 3ecb3000
0xbffaef80:   00010008 b70efdaa b6ce6e2b 00000000
0xbffaef90:   b67a1000 b67a1000 bffaefc8 08048a42
0xbffaefa0:   0815752c bffaefec bffaefc8 080488f7 

Instructions: (pc=0xb6ce4c82)
0xb6ce4c62:   65 f4 5b 5e 5f 5d c3 8d b4 26 00 00 00 00 55 89
0xb6ce4c72:   e5 56 53 e8 56 9c bc ff 81 c3 86 63 5e 00 89 c6
0xb6ce4c82:   c7 80 68 01 00 00 05 00 00 00 8d 83 a4 1e 02 00
0xb6ce4c92:   83 38 01 74 59 8d 83 e2 e8 01 00 80 38 00 75 6e 

Register to memory mapping:

EAX=0x00000000 is an unknown value
EBX=0xb72cb000: <offset 0xb11000> in /usr/lib/jvm/java-8-openjdk-i386/jre/lib/i386/server/libjvm.so at 0xb67ba000
ECX=0xb67a1000: <offset 0x1b2000> in /lib/i386-linux-gnu/libc.so.6 at 0xb65ef000
EDX=0x0815752c is an unknown value
ESP=0xbffaef30 is an unknown value
EBP=0xbffaef38 is an unknown value
ESI=0x00000000 is an unknown value
EDI=0x08157400 is an unknown value


Stack: [0xbff62000,0xbffb2000],  sp=0xbffaef30,  free space=307k
Native frames: (J=compiled Java code, j=interpreted, Vv=VM code, C=native code)
V  [libjvm.so+0x52ac82]
V  [libjvm.so+0x52ce78]
C  [server+0xa42]
C  [server+0xb84]
C  [server+0xd22]


---------------  P R O C E S S  ---------------

VM state:at safepoint (shutting down)

VM Mutex/Monitor currently owned by a thread:  ([mutex/lock_event])
[0x08154898] Threads_lock - owner thread: 0x082cbc00

Heap:
 PSYoungGen      total 18432K, used 634K [0x928c0000, 0x93d40000, 0xa6e00000)
  eden space 15872K, 4% used [0x928c0000,0x9295ebc0,0x93840000)
  from space 2560K, 0% used [0x93ac0000,0x93ac0000,0x93d40000)
  to   space 2560K, 0% used [0x93840000,0x93840000,0x93ac0000)
 ParOldGen       total 42496K, used 0K [0x69e00000, 0x6c780000, 0x928c0000)
  object space 42496K, 0% used [0x69e00000,0x69e00000,0x6c780000)
 Metaspace       used 1617K, capacity 2202K, committed 2328K, reserved 4400K

Card table byte_map: [0x69c17000,0x69e00000] byte_map_base: 0x698c8000

Marking Bits: (ParMarkBitMap*) 0xb72f07e0
 Begin Bits: [0x67680000, 0x685c0000)
 End Bits:   [0x685c0000, 0x69500000)

Polling page: 0xb67a9000

CodeCache: size=245760Kb used=672Kb max_used=675Kb free=245087Kb
 bounds [0xa7325000, 0xa7565000, 0xb6325000]
 total_blobs=165 nmethods=13 adapters=68
 compilation: enabled

Compilation events (10 events):
Event: 0.099 Thread 0x082f2800 nmethod 10 0xa73c6488 code [0xa73c6580, 0xa73c6620]
Event: 0.099 Thread 0x082f2800    9       3       java.lang.AbstractStringBuilder::ensureCapacityInternal (27 bytes)
Event: 0.100 Thread 0x082f2800 nmethod 9 0xa73c9048 code [0xa73c91a0, 0xa73c94d8]
Event: 0.100 Thread 0x082f2800   11       1       java.lang.ref.Reference::get (5 bytes)
Event: 0.100 Thread 0x082f2800 nmethod 11 0xa73c8e48 code [0xa73c8f40, 0xa73c8fe0]
Event: 0.101 Thread 0x082f2800   12       1       java.lang.ThreadLocal::access$400 (5 bytes)
Event: 0.101 Thread 0x082f2800 nmethod 12 0xa73c8c48 code [0xa73c8d40, 0xa73c8dc0]
Event: 0.104 Thread 0x082f2800   14       3       java.lang.String::getChars (62 bytes)
Event: 0.104 Thread 0x082f2800 nmethod 14 0xa73c85c8 code [0xa73c8720, 0xa73c8a30]
Event: 0.104 Thread 0x082f2800   13       3       java.lang.AbstractStringBuilder::append (50 bytes)

GC Heap History (0 events):
No events

Deoptimization events (0 events):
No events

Internal exceptions (3 events):
Event: 0.046 Thread 0x08157400 Exception <a 'java/lang/NoSuchMethodError': Method sun.misc.Unsafe.defineClass(Ljava/lang/String;[BII)Ljava/lang/Class; name or signature does not match> (0x928c6e60) thrown at [/build/openjdk-8-vuCyZK/openjdk-8-8u111-b14/src/hotspot/src/share/vm/prims/jn
Event: 0.046 Thread 0x08157400 Exception <a 'java/lang/NoSuchMethodError': Method sun.misc.Unsafe.prefetchRead(Ljava/lang/Object;J)V name or signature does not match> (0x928c7130) thrown at [/build/openjdk-8-vuCyZK/openjdk-8-8u111-b14/src/hotspot/src/share/vm/prims/jni.cpp, line 4011]
Event: 0.105 Thread 0x08157400 Exception <a 'java/lang/NoSuchMethodError': removeCommas> (0x92912690) thrown at [/build/openjdk-8-vuCyZK/openjdk-8-8u111-b14/src/hotspot/src/share/vm/prims/jni.cpp, line 1581]

Events (10 events):
Event: 0.104 loading class java/security/AllPermission done
Event: 0.104 loading class java/security/UnresolvedPermission
Event: 0.104 loading class java/security/UnresolvedPermission done
Event: 0.104 loading class java/security/BasicPermissionCollection
Event: 0.104 loading class java/security/BasicPermissionCollection done
Event: 0.105 loading class java/lang/Shutdown
Event: 0.105 loading class java/lang/Shutdown done
Event: 0.105 loading class java/lang/Shutdown$Lock
Event: 0.105 loading class java/lang/Shutdown$Lock done
Event: 0.105 Thread 0x08157400 Thread exited: 0x08157400


Dynamic libraries:
08048000-0804a000 r-xp 00000000 08:06 5374264    /home/rodo/Desktop/tech/sockets/server
0804a000-0804b000 r--p 00001000 08:06 5374264    /home/rodo/Desktop/tech/sockets/server
0804b000-0804c000 rw-p 00002000 08:06 5374264    /home/rodo/Desktop/tech/sockets/server
0814b000-0836f000 rw-p 00000000 00:00 0          [heap]
6624c000-6624d000 ---p 00000000 00:00 0 
6624d000-662cd000 rw-p 00000000 00:00 0 
662cd000-662d0000 ---p 00000000 00:00 0 
662d0000-6634e000 rw-p 00000000 00:00 0 
6634e000-66351000 ---p 00000000 00:00 0 
66351000-663cf000 rw-p 00000000 00:00 0 
663cf000-66500000 r--p 00744000 08:03 2500441    /usr/lib/locale/locale-archive
66500000-66700000 r--p 00000000 08:03 2500441    /usr/lib/locale/locale-archive
66700000-6674e000 rw-p 00000000 00:00 0 
6674e000-66800000 ---p 00000000 00:00 0 
6682e000-66831000 ---p 00000000 00:00 0 
66831000-6687f000 rw-p 00000000 00:00 0 
6687f000-66882000 ---p 00000000 00:00 0 
66882000-66900000 rw-p 00000000 00:00 0 
66900000-66921000 rw-p 00000000 00:00 0 
66921000-66a00000 ---p 00000000 00:00 0 
66a0d000-66a10000 ---p 00000000 00:00 0 
66a10000-66a5e000 rw-p 00000000 00:00 0 
66a5e000-66a61000 ---p 00000000 00:00 0 
66a61000-66aaf000 rw-p 00000000 00:00 0 
66aaf000-66ab2000 ---p 00000000 00:00 0 
66ab2000-66b00000 rw-p 00000000 00:00 0 
66b00000-66b21000 rw-p 00000000 00:00 0 
66b21000-66c00000 ---p 00000000 00:00 0 
66c15000-66c16000 ---p 00000000 00:00 0 
66c16000-66c96000 rw-p 00000000 00:00 0 
66c96000-66e64000 r--s 03bf1000 08:03 2885947    /usr/lib/jvm/java-8-openjdk-i386/jre/lib/rt.jar
66e64000-670aa000 rw-p 00000000 00:00 0 
670aa000-672b0000 ---p 00000000 00:00 0 
672b0000-69500000 rw-p 00000000 00:00 0 
69500000-69521000 rw-p 00000000 00:00 0 
69521000-69600000 ---p 00000000 00:00 0 
69617000-69632000 r--s 00394000 08:03 2885927    /usr/lib/jvm/java-8-openjdk-i386/jre/lib/ext/cldrdata.jar
69632000-6967f000 rw-p 00000000 00:00 0 
6967f000-69680000 ---p 00000000 00:00 0 
69680000-69700000 rw-p 00000000 00:00 0 
69700000-69721000 rw-p 00000000 00:00 0 
69721000-69800000 ---p 00000000 00:00 0 
69800000-69821000 rw-p 00000000 00:00 0 
69821000-69900000 ---p 00000000 00:00 0 
69909000-69924000 r--s 001d5000 08:03 2885928    /usr/lib/jvm/java-8-openjdk-i386/jre/lib/ext/nashorn.jar
69924000-6997f000 rw-p 00000000 00:00 0 
6997f000-69980000 ---p 00000000 00:00 0 
69980000-69a00000 rw-p 00000000 00:00 0 
69a00000-69a21000 rw-p 00000000 00:00 0 
69a21000-69b00000 ---p 00000000 00:00 0 
69b15000-69b16000 ---p 00000000 00:00 0 
69b16000-69b96000 rw-p 00000000 00:00 0 
69b96000-69b97000 ---p 00000000 00:00 0 
69b97000-69c2c000 rw-p 00000000 00:00 0 
69c2c000-69d5c000 ---p 00000000 00:00 0 
69d5c000-69d67000 rw-p 00000000 00:00 0 
69d67000-69dff000 ---p 00000000 00:00 0 
69dff000-6c780000 rw-p 00000000 00:00 0 
6c780000-928c0000 ---p 00000000 00:00 0 
928c0000-93d40000 rw-p 00000000 00:00 0 
93d40000-a6e00000 ---p 00000000 00:00 0 
a6e03000-a6e08000 r--s 0003b000 08:03 2885929    /usr/lib/jvm/java-8-openjdk-i386/jre/lib/ext/sunjce_provider.jar
a6e08000-a6e34000 rw-p 00000000 00:00 0 
a6e34000-a6f65000 ---p 00000000 00:00 0 
a6f65000-a6f6e000 rw-p 00000000 00:00 0 
a6f6e000-a7325000 ---p 00000000 00:00 0 
a7325000-a7565000 rwxp 00000000 00:00 0 
a7565000-b6325000 ---p 00000000 00:00 0 
b6325000-b633e000 r-xp 00000000 08:03 2754037    /lib/i386-linux-gnu/libz.so.1.2.8
b633e000-b633f000 r--p 00018000 08:03 2754037    /lib/i386-linux-gnu/libz.so.1.2.8
b633f000-b6340000 rw-p 00019000 08:03 2754037    /lib/i386-linux-gnu/libz.so.1.2.8
b6342000-b6346000 r--s 00037000 08:03 2885930    /usr/lib/jvm/java-8-openjdk-i386/jre/lib/ext/sunpkcs11.jar
b6346000-b6350000 r--s 00116000 08:03 2885933    /usr/lib/jvm/java-8-openjdk-i386/jre/lib/ext/localedata.jar
b6350000-b6353000 r--s 0000f000 08:03 2885935    /usr/lib/jvm/java-8-openjdk-i386/jre/lib/ext/icedtea-sound.jar
b6353000-b6355000 r--s 00008000 08:03 2885932    /usr/lib/jvm/java-8-openjdk-i386/jre/lib/ext/sunec.jar
b6355000-b6360000 r-xp 00000000 08:03 2753945    /lib/i386-linux-gnu/libnss_files-2.23.so
b6360000-b6361000 r--p 0000a000 08:03 2753945    /lib/i386-linux-gnu/libnss_files-2.23.so
b6361000-b6362000 rw-p 0000b000 08:03 2753945    /lib/i386-linux-gnu/libnss_files-2.23.so
b6362000-b6368000 rw-p 00000000 00:00 0 
b6368000-b6373000 r-xp 00000000 08:03 2753955    /lib/i386-linux-gnu/libnss_nis-2.23.so
b6373000-b6374000 r--p 0000a000 08:03 2753955    /lib/i386-linux-gnu/libnss_nis-2.23.so
b6374000-b6375000 rw-p 0000b000 08:03 2753955    /lib/i386-linux-gnu/libnss_nis-2.23.so
b6375000-b638c000 r-xp 00000000 08:03 2753939    /lib/i386-linux-gnu/libnsl-2.23.so
b638c000-b638d000 r--p 00016000 08:03 2753939    /lib/i386-linux-gnu/libnsl-2.23.so
b638d000-b638e000 rw-p 00017000 08:03 2753939    /lib/i386-linux-gnu/libnsl-2.23.so
b638e000-b6390000 rw-p 00000000 00:00 0 
b6390000-b6398000 r-xp 00000000 08:03 2753941    /lib/i386-linux-gnu/libnss_compat-2.23.so
b6398000-b6399000 r--p 00007000 08:03 2753941    /lib/i386-linux-gnu/libnss_compat-2.23.so
b6399000-b639a000 rw-p 00008000 08:03 2753941    /lib/i386-linux-gnu/libnss_compat-2.23.so
b639a000-b639b000 r--s 00010000 08:03 2885934    /usr/lib/jvm/java-8-openjdk-i386/jre/lib/ext/zipfs.jar
b639b000-b639d000 r--s 00001000 08:03 2885936    /usr/lib/jvm/java-8-openjdk-i386/jre/lib/ext/dnsns.jar
b639d000-b63a5000 r-xp 00000000 08:03 2885979    /usr/lib/jvm/java-8-openjdk-i386/jre/lib/i386/libzip.so
b63a5000-b63a6000 r--p 00007000 08:03 2885979    /usr/lib/jvm/java-8-openjdk-i386/jre/lib/i386/libzip.so
b63a6000-b63a7000 rw-p 00008000 08:03 2885979    /usr/lib/jvm/java-8-openjdk-i386/jre/lib/i386/libzip.so
b63a7000-b63af000 rw-s 00000000 08:03 404029     /tmp/hsperfdata_rodo/4581 (deleted)
b63af000-b63d6000 r-xp 00000000 08:03 2885972    /usr/lib/jvm/java-8-openjdk-i386/jre/lib/i386/libjava.so
b63d6000-b63d7000 r--p 00026000 08:03 2885972    /usr/lib/jvm/java-8-openjdk-i386/jre/lib/i386/libjava.so
b63d7000-b63d8000 rw-p 00027000 08:03 2885972    /usr/lib/jvm/java-8-openjdk-i386/jre/lib/i386/libjava.so
b63d8000-b63df000 r-xp 00000000 08:03 2754000    /lib/i386-linux-gnu/librt-2.23.so
b63df000-b63e0000 r--p 00006000 08:03 2754000    /lib/i386-linux-gnu/librt-2.23.so
b63e0000-b63e1000 rw-p 00007000 08:03 2754000    /lib/i386-linux-gnu/librt-2.23.so
b63e1000-b63e4000 rw-p 00000000 00:00 0 
b63e4000-b6400000 r-xp 00000000 08:03 2753886    /lib/i386-linux-gnu/libgcc_s.so.1
b6400000-b6401000 rw-p 0001b000 08:03 2753886    /lib/i386-linux-gnu/libgcc_s.so.1
b6401000-b641a000 r-xp 00000000 08:03 2753992    /lib/i386-linux-gnu/libpthread-2.23.so
b641a000-b641b000 r--p 00018000 08:03 2753992    /lib/i386-linux-gnu/libpthread-2.23.so
b641b000-b641c000 rw-p 00019000 08:03 2753992    /lib/i386-linux-gnu/libpthread-2.23.so
b641c000-b641e000 rw-p 00000000 00:00 0 
b641e000-b6421000 r-xp 00000000 08:03 2753872    /lib/i386-linux-gnu/libdl-2.23.so
b6421000-b6422000 r--p 00002000 08:03 2753872    /lib/i386-linux-gnu/libdl-2.23.so
b6422000-b6423000 rw-p 00003000 08:03 2753872    /lib/i386-linux-gnu/libdl-2.23.so
b6423000-b6476000 r-xp 00000000 08:03 2753918    /lib/i386-linux-gnu/libm-2.23.so
b6476000-b6477000 r--p 00052000 08:03 2753918    /lib/i386-linux-gnu/libm-2.23.so
b6477000-b6478000 rw-p 00053000 08:03 2753918    /lib/i386-linux-gnu/libm-2.23.so
b6478000-b65e5000 r-xp 00000000 08:03 2492408    /usr/lib/i386-linux-gnu/libstdc++.so.6.0.21
b65e5000-b65e6000 ---p 0016d000 08:03 2492408    /usr/lib/i386-linux-gnu/libstdc++.so.6.0.21
b65e6000-b65eb000 r--p 0016d000 08:03 2492408    /usr/lib/i386-linux-gnu/libstdc++.so.6.0.21
b65eb000-b65ec000 rw-p 00172000 08:03 2492408    /usr/lib/i386-linux-gnu/libstdc++.so.6.0.21
b65ec000-b65ef000 rw-p 00000000 00:00 0 
b65ef000-b679e000 r-xp 00000000 08:03 2753848    /lib/i386-linux-gnu/libc-2.23.so
b679e000-b679f000 ---p 001af000 08:03 2753848    /lib/i386-linux-gnu/libc-2.23.so
b679f000-b67a1000 r--p 001af000 08:03 2753848    /lib/i386-linux-gnu/libc-2.23.so
b67a1000-b67a2000 rw-p 001b1000 08:03 2753848    /lib/i386-linux-gnu/libc-2.23.so
b67a2000-b67a5000 rw-p 00000000 00:00 0 
b67a5000-b67a6000 r--s 0000a000 08:03 2885931    /usr/lib/jvm/java-8-openjdk-i386/jre/lib/ext/jaccess.jar
b67a6000-b67a7000 r--p 00741000 08:03 2500441    /usr/lib/locale/locale-archive
b67a7000-b67a8000 r--p 009b0000 08:03 2500441    /usr/lib/locale/locale-archive
b67a8000-b67a9000 rw-p 00000000 00:00 0 
b67a9000-b67aa000 ---p 00000000 00:00 0 
b67aa000-b67b8000 r-xp 00000000 08:03 2885977    /usr/lib/jvm/java-8-openjdk-i386/jre/lib/i386/libverify.so
b67b8000-b67b9000 r--p 0000d000 08:03 2885977    /usr/lib/jvm/java-8-openjdk-i386/jre/lib/i386/libverify.so
b67b9000-b67ba000 rw-p 0000e000 08:03 2885977    /usr/lib/jvm/java-8-openjdk-i386/jre/lib/i386/libverify.so
b67ba000-b7286000 r-xp 00000000 08:03 2885981    /usr/lib/jvm/java-8-openjdk-i386/jre/lib/i386/server/libjvm.so
b7286000-b72cb000 r--p 00acb000 08:03 2885981    /usr/lib/jvm/java-8-openjdk-i386/jre/lib/i386/server/libjvm.so
b72cb000-b72e2000 rw-p 00b10000 08:03 2885981    /usr/lib/jvm/java-8-openjdk-i386/jre/lib/i386/server/libjvm.so
b72e2000-b7703000 rw-p 00000000 00:00 0 
b7703000-b7705000 r--p 00000000 00:00 0          [vvar]
b7705000-b7706000 r-xp 00000000 00:00 0          [vdso]
b7706000-b7728000 r-xp 00000000 08:03 2753820    /lib/i386-linux-gnu/ld-2.23.so
b7728000-b7729000 rw-p 00000000 00:00 0 
b7729000-b772a000 r--p 00022000 08:03 2753820    /lib/i386-linux-gnu/ld-2.23.so
b772a000-b772b000 rw-p 00023000 08:03 2753820    /lib/i386-linux-gnu/ld-2.23.so
bff5e000-bff5f000 rwxp 00000000 00:00 0 
bff66000-bffb2000 rw-p 00000000 00:00 0          [stack]

VM Arguments:
java_command: <unknown>
java_class_path (initial): .
Launcher Type: generic

Environment Variables:
PATH=/home/rodo/bin:/home/rodo/.local/bin:/usr/local/sbin:/usr/local/bin:/usr/sbin:/usr/bin:/sbin:/bin:/usr/games:/usr/local/games:/snap/bin
LD_LIBRARY_PATH=/usr/lib/jvm/java-8-openjdk-i386/jre/lib/i386/server
SHELL=/bin/bash
DISPLAY=:0

Signal Handlers:
SIGSEGV: [libjvm.so+0x8d3660], sa_mask[0]=11111111011111111101111111111110, sa_flags=SA_RESTART|SA_SIGINFO
SIGBUS: [libjvm.so+0x8d3660], sa_mask[0]=11111111011111111101111111111110, sa_flags=SA_RESTART|SA_SIGINFO
SIGFPE: [libjvm.so+0x739c10], sa_mask[0]=11111111011111111101111111111110, sa_flags=SA_RESTART|SA_SIGINFO
SIGPIPE: [libjvm.so+0x739c10], sa_mask[0]=11111111011111111101111111111110, sa_flags=SA_RESTART|SA_SIGINFO
SIGXFSZ: [libjvm.so+0x739c10], sa_mask[0]=11111111011111111101111111111110, sa_flags=SA_RESTART|SA_SIGINFO
SIGILL: [libjvm.so+0x739c10], sa_mask[0]=11111111011111111101111111111110, sa_flags=SA_RESTART|SA_SIGINFO
SIGUSR1: SIG_DFL, sa_mask[0]=00000000000000000000000000000000, sa_flags=none
SIGUSR2: [libjvm.so+0x739a50], sa_mask[0]=00000000000000000000000000000000, sa_flags=SA_RESTART|SA_SIGINFO
SIGHUP: [libjvm.so+0x73a1e0], sa_mask[0]=11111111011111111101111111111110, sa_flags=SA_RESTART|SA_SIGINFO
SIGINT: [libjvm.so+0x73a1e0], sa_mask[0]=11111111011111111101111111111110, sa_flags=SA_RESTART|SA_SIGINFO
SIGTERM: [libjvm.so+0x73a1e0], sa_mask[0]=11111111011111111101111111111110, sa_flags=SA_RESTART|SA_SIGINFO
SIGQUIT: [libjvm.so+0x73a1e0], sa_mask[0]=11111111011111111101111111111110, sa_flags=SA_RESTART|SA_SIGINFO


---------------  S Y S T E M  ---------------

OS:DISTRIB_ID=Ubuntu
DISTRIB_RELEASE=16.04
DISTRIB_CODENAME=xenial
DISTRIB_DESCRIPTION="Ubuntu 16.04.1 LTS"

uname:Linux 4.4.0-47-generic #68-Ubuntu SMP Wed Oct 26 19:39:59 UTC 2016 i686
libc:glibc 2.23 NPTL 2.23 
rlimit: STACK 8192k, CORE 0k, NPROC 30947, NOFILE 65536, AS infinity
load average:0.22 0.26 0.27

/proc/meminfo:
MemTotal:        3996992 kB
MemFree:         1250612 kB
MemAvailable:    1816208 kB
Buffers:          119004 kB
Cached:          1009648 kB
SwapCached:            0 kB
Active:          1913244 kB
Inactive:         681912 kB
Active(anon):    1469212 kB
Inactive(anon):   249540 kB
Active(file):     444032 kB
Inactive(file):   432372 kB
Unevictable:          48 kB
Mlocked:              48 kB
HighTotal:       3147012 kB
HighFree:         898064 kB
LowTotal:         849980 kB
LowFree:          352548 kB
SwapTotal:       3998716 kB
SwapFree:        3998716 kB
Dirty:               112 kB
Writeback:             0 kB
AnonPages:       1466568 kB
Mapped:           445596 kB
Shmem:            252252 kB
Slab:              90376 kB
SReclaimable:      62640 kB
SUnreclaim:        27736 kB
KernelStack:        5736 kB
PageTables:        22448 kB
NFS_Unstable:          0 kB
Bounce:                0 kB
WritebackTmp:          0 kB
CommitLimit:     5997212 kB
Committed_AS:    7534216 kB
VmallocTotal:     122880 kB
VmallocUsed:           0 kB
VmallocChunk:          0 kB
AnonHugePages:    624640 kB
CmaTotal:              0 kB
CmaFree:               0 kB
HugePages_Total:       0
HugePages_Free:        0
HugePages_Rsvd:        0
HugePages_Surp:        0
Hugepagesize:       2048 kB
DirectMap4k:       30712 kB
DirectMap2M:      880640 kB


CPU:total 4 (2 cores per cpu, 2 threads per core) family 6 model 42 stepping 7, cmov, cx8, fxsr, mmx, sse, sse2, sse3, ssse3, sse4.1, sse4.2, popcnt, avx, clmul, ht, tsc, tscinvbit

/proc/cpuinfo:
processor	: 0
vendor_id	: GenuineIntel
cpu family	: 6
model		: 42
model name	: Intel(R) Core(TM) i3-2348M CPU @ 2.30GHz
stepping	: 7
microcode	: 0x28
cpu MHz		: 1960.121
cache size	: 3072 KB
physical id	: 0
siblings	: 4
core id		: 0
cpu cores	: 2
apicid		: 0
initial apicid	: 0
fdiv_bug	: no
f00f_bug	: no
coma_bug	: no
fpu		: yes
fpu_exception	: yes
cpuid level	: 13
wp		: yes
flags		: fpu vme de pse tsc msr pae mce cx8 apic sep mtrr pge mca cmov pat pse36 clflush dts acpi mmx fxsr sse sse2 ss ht tm pbe nx rdtscp lm constant_tsc arch_perfmon pebs bts xtopology nonstop_tsc aperfmperf eagerfpu pni pclmulqdq dtes64 monitor ds_cpl vmx est tm2 ssse3 cx16 xtpr pdcm pcid sse4_1 sse4_2 x2apic popcnt tsc_deadline_timer xsave avx lahf_lm epb tpr_shadow vnmi flexpriority ept vpid xsaveopt dtherm arat pln pts
bugs		:
bogomips	: 4589.49
clflush size	: 64
cache_alignment	: 64
address sizes	: 36 bits physical, 48 bits virtual
power management:

processor	: 1
vendor_id	: GenuineIntel
cpu family	: 6
model		: 42
model name	: Intel(R) Core(TM) i3-2348M CPU @ 2.30GHz
stepping	: 7
microcode	: 0x28
cpu MHz		: 2095.425
cache size	: 3072 KB
physical id	: 0
siblings	: 4
core id		: 0
cpu cores	: 2
apicid		: 1
initial apicid	: 1
fdiv_bug	: no
f00f_bug	: no
coma_bug	: no
fpu		: yes
fpu_exception	: yes
cpuid level	: 13
wp		: yes
flags		: fpu vme de pse tsc msr pae mce cx8 apic sep mtrr pge mca cmov pat pse36 clflush dts acpi mmx fxsr sse sse2 ss ht tm pbe nx rdtscp lm constant_tsc arch_perfmon pebs bts xtopology nonstop_tsc aperfmperf eagerfpu pni pclmulqdq dtes64 monitor ds_cpl vmx est tm2 ssse3 cx16 xtpr pdcm pcid sse4_1 sse4_2 x2apic popcnt tsc_deadline_timer xsave avx lahf_lm epb tpr_shadow vnmi flexpriority ept vpid xsaveopt dtherm arat pln pts
bugs		:
bogomips	: 4589.49
clflush size	: 64
cache_alignment	: 64
address sizes	: 36 bits physical, 48 bits virtual
power management:

processor	: 2
vendor_id	: GenuineIntel
cpu family	: 6
model		: 42
model name	: Intel(R) Core(TM) i3-2348M CPU @ 2.30GHz
stepping	: 7
microcode	: 0x28
cpu MHz		: 1920.140
cache size	: 3072 KB
physical id	: 0
siblings	: 4
core id		: 1
cpu cores	: 2
apicid		: 2
initial apicid	: 2
fdiv_bug	: no
f00f_bug	: no
coma_bug	: no
fpu		: yes
fpu_exception	: yes
cpuid level	: 13
wp		: yes
flags		: fpu vme de pse tsc msr pae mce cx8 apic sep mtrr pge mca cmov pat pse36 clflush dts acpi mmx fxsr sse sse2 ss ht tm pbe nx rdtscp lm constant_tsc arch_perfmon pebs bts xtopology nonstop_tsc aperfmperf eagerfpu pni pclmulqdq dtes64 monitor ds_cpl vmx est tm2 ssse3 cx16 xtpr pdcm pcid sse4_1 sse4_2 x2apic popcnt tsc_deadline_timer xsave avx lahf_lm epb tpr_shadow vnmi flexpriority ept vpid xsaveopt dtherm arat pln pts
bugs		:
bogomips	: 4589.49
clflush size	: 64
cache_alignment	: 64
address sizes	: 36 bits physical, 48 bits virtual
power management:

processor	: 3
vendor_id	: GenuineIntel
cpu family	: 6
model		: 42
model name	: Intel(R) Core(TM) i3-2348M CPU @ 2.30GHz
stepping	: 7
microcode	: 0x28
cpu MHz		: 1979.437
cache size	: 3072 KB
physical id	: 0
siblings	: 4
core id		: 1
cpu cores	: 2
apicid		: 3
initial apicid	: 3
fdiv_bug	: no
f00f_bug	: no
coma_bug	: no
fpu		: yes
fpu_exception	: yes
cpuid level	: 13
wp		: yes
flags		: fpu vme de pse tsc msr pae mce cx8 apic sep mtrr pge mca cmov pat pse36 clflush dts acpi mmx fxsr sse sse2 ss ht tm pbe nx rdtscp lm constant_tsc arch_perfmon pebs bts xtopology nonstop_tsc aperfmperf eagerfpu pni pclmulqdq dtes64 monitor ds_cpl vmx est tm2 ssse3 cx16 xtpr pdcm pcid sse4_1 sse4_2 x2apic popcnt tsc_deadline_timer xsave avx lahf_lm epb tpr_shadow vnmi flexpriority ept vpid xsaveopt dtherm arat pln pts
bugs		:
bogomips	: 4589.49
clflush size	: 64
cache_alignment	: 64
address sizes	: 36 bits physical, 48 bits virtual
power management:



Memory: 4k page, physical 3996992k(1250612k free), swap 3998716k(3998716k free)

vm_info: OpenJDK Server VM (25.111-b14) for linux-x86 JRE (1.8.0_111-8u111-b14-2ubuntu0.16.04.2-b14), built on Oct 27 2016 18:24:51 by "buildd" with gcc 5.4.0 20160609

time: Fri Jan  6 13:24:16 2017
elapsed time: 0 seconds (0d 0h 0m 0s)

