#
# A fatal error has been detected by the Java Runtime Environment:
#
#  SIGSEGV (0xb) at pc=0xb6d4ec82, pid=4503, tid=0xb644c700
#
# JRE version: OpenJDK Runtime Environment (8.0_111-b14) (build 1.8.0_111-8u111-b14-2ubuntu0.16.04.2-b14)
# Java VM: OpenJDK Server VM (25.111-b14 mixed mode linux-x86 )
# Problematic frame:
# V  [libjvm.so+0x52ac82]
#
# Failed to write core dump. Core dumps have been disabled. To enable core dumping, try "ulimit -c unlimited" before starting Java again
#
# If you would like to submit a bug report, please visit:
#   http://bugreport.java.com/bugreport/crash.jsp
#

---------------  T H R E A D  ---------------

Current thread is native thread

siginfo: si_signo: 11 (SIGSEGV), si_code: 1 (SEGV_MAPERR), si_addr: 0x00000168

Registers:
EAX=0x00000000, EBX=0xb7335000, ECX=0xb680b000, EDX=0x0897952c
ESP=0xbfbb8490, EBP=0xbfbb8498, ESI=0x00000000, EDI=0x08979400
EIP=0xb6d4ec82, EFLAGS=0x00010296, CR2=0x00000168

Top of Stack: (sp=0xbfbb8490)
0xbfbb8490:   b7335000 0897952c bfbb84f8 b6d50e78
0xbfbb84a0:   08979400 000000ec 08978be0 8c162f00
0xbfbb84b0:   b7335000 b680b000 b70a27cb bfbb854c
0xbfbb84c0:   00000000 08979400 bfbb8508 b6d4efc2
0xbfbb84d0:   b66c3cc7 b680b000 0000001b 8c162f00
0xbfbb84e0:   00010008 b7159daa b6d50e2b 00000000
0xbfbb84f0:   b680b000 b680b000 bfbb8528 08048a42
0xbfbb8500:   0897952c bfbb854c bfbb8528 080488f7 

Instructions: (pc=0xb6d4ec82)
0xb6d4ec62:   65 f4 5b 5e 5f 5d c3 8d b4 26 00 00 00 00 55 89
0xb6d4ec72:   e5 56 53 e8 56 9c bc ff 81 c3 86 63 5e 00 89 c6
0xb6d4ec82:   c7 80 68 01 00 00 05 00 00 00 8d 83 a4 1e 02 00
0xb6d4ec92:   83 38 01 74 59 8d 83 e2 e8 01 00 80 38 00 75 6e 

Register to memory mapping:

EAX=0x00000000 is an unknown value
EBX=0xb7335000: <offset 0xb11000> in /usr/lib/jvm/java-8-openjdk-i386/jre/lib/i386/server/libjvm.so at 0xb6824000
ECX=0xb680b000: <offset 0x1b2000> in /lib/i386-linux-gnu/libc.so.6 at 0xb6659000
EDX=0x0897952c is an unknown value
ESP=0xbfbb8490 is an unknown value
EBP=0xbfbb8498 is an unknown value
ESI=0x00000000 is an unknown value
EDI=0x08979400 is an unknown value


Stack: [0xbfb6b000,0xbfbbb000],  sp=0xbfbb8490,  free space=309k
Native frames: (J=compiled Java code, j=interpreted, Vv=VM code, C=native code)
V  [libjvm.so+0x52ac82]
V  [libjvm.so+0x52ce78]
C  [server+0xa42]
C  [server+0xb74]
C  [server+0xd12]


---------------  P R O C E S S  ---------------

VM state:at safepoint (shutting down)

VM Mutex/Monitor currently owned by a thread:  ([mutex/lock_event])
[0x08976898] Threads_lock - owner thread: 0x08aedc00

Heap:
 PSYoungGen      total 18432K, used 634K [0x928c0000, 0x93d40000, 0xa6e00000)
  eden space 15872K, 4% used [0x928c0000,0x9295ebc0,0x93840000)
  from space 2560K, 0% used [0x93ac0000,0x93ac0000,0x93d40000)
  to   space 2560K, 0% used [0x93840000,0x93840000,0x93ac0000)
 ParOldGen       total 42496K, used 0K [0x69e00000, 0x6c780000, 0x928c0000)
  object space 42496K, 0% used [0x69e00000,0x69e00000,0x6c780000)
 Metaspace       used 1617K, capacity 2202K, committed 2328K, reserved 4400K

Card table byte_map: [0x69c17000,0x69e00000] byte_map_base: 0x698c8000

Marking Bits: (ParMarkBitMap*) 0xb735a7e0
 Begin Bits: [0x67680000, 0x685c0000)
 End Bits:   [0x685c0000, 0x69500000)

Polling page: 0xb6813000

CodeCache: size=245760Kb used=674Kb max_used=674Kb free=245085Kb
 bounds [0xa738f000, 0xa75cf000, 0xb638f000]
 total_blobs=166 nmethods=14 adapters=68
 compilation: enabled

Compilation events (10 events):
Event: 0.125 Thread 0x08b14800 nmethod 10 0xa7431388 code [0xa7431480, 0xa7431520]
Event: 0.125 Thread 0x08b14800    9       3       java.lang.AbstractStringBuilder::ensureCapacityInternal (27 bytes)
Event: 0.125 Thread 0x08b14800 nmethod 9 0xa7430d88 code [0xa7430ee0, 0xa7431218]
Event: 0.126 Thread 0x08b14800   11       1       java.lang.ref.Reference::get (5 bytes)
Event: 0.126 Thread 0x08b14800 nmethod 11 0xa7430b88 code [0xa7430c80, 0xa7430d20]
Event: 0.127 Thread 0x08b14800   12       1       java.lang.ThreadLocal::access$400 (5 bytes)
Event: 0.127 Thread 0x08b14800 nmethod 12 0xa7430988 code [0xa7430a80, 0xa7430b00]
Event: 0.132 Thread 0x08b14800   13       3       java.lang.AbstractStringBuilder::append (50 bytes)
Event: 0.133 Thread 0x08b14800 nmethod 13 0xa7436f48 code [0xa74370c0, 0xa7437650]
Event: 0.133 Thread 0x08b14800   14       3       java.lang.String::getChars (62 bytes)

GC Heap History (0 events):
No events

Deoptimization events (0 events):
No events

Internal exceptions (3 events):
Event: 0.054 Thread 0x08979400 Exception <a 'java/lang/NoSuchMethodError': Method sun.misc.Unsafe.defineClass(Ljava/lang/String;[BII)Ljava/lang/Class; name or signature does not match> (0x928c6e60) thrown at [/build/openjdk-8-vuCyZK/openjdk-8-8u111-b14/src/hotspot/src/share/vm/prims/jn
Event: 0.055 Thread 0x08979400 Exception <a 'java/lang/NoSuchMethodError': Method sun.misc.Unsafe.prefetchRead(Ljava/lang/Object;J)V name or signature does not match> (0x928c7130) thrown at [/build/openjdk-8-vuCyZK/openjdk-8-8u111-b14/src/hotspot/src/share/vm/prims/jni.cpp, line 4011]
Event: 0.133 Thread 0x08979400 Exception <a 'java/lang/NoSuchMethodError': removeCommas> (0x92912690) thrown at [/build/openjdk-8-vuCyZK/openjdk-8-8u111-b14/src/hotspot/src/share/vm/prims/jni.cpp, line 1581]

Events (10 events):
Event: 0.132 loading class java/security/AllPermission done
Event: 0.132 loading class java/security/UnresolvedPermission
Event: 0.132 loading class java/security/UnresolvedPermission done
Event: 0.132 loading class java/security/BasicPermissionCollection
Event: 0.132 loading class java/security/BasicPermissionCollection done
Event: 0.133 loading class java/lang/Shutdown
Event: 0.133 loading class java/lang/Shutdown done
Event: 0.134 loading class java/lang/Shutdown$Lock
Event: 0.134 loading class java/lang/Shutdown$Lock done
Event: 0.134 Thread 0x08979400 Thread exited: 0x08979400


Dynamic libraries:
08048000-0804a000 r-xp 00000000 08:06 5374264    /home/rodo/Desktop/tech/sockets/server
0804a000-0804b000 r--p 00001000 08:06 5374264    /home/rodo/Desktop/tech/sockets/server
0804b000-0804c000 rw-p 00002000 08:06 5374264    /home/rodo/Desktop/tech/sockets/server
0896d000-08b98000 rw-p 00000000 00:00 0          [heap]
662cb000-662cc000 ---p 00000000 00:00 0 
662cc000-6634c000 rw-p 00000000 00:00 0 
6634c000-6634f000 ---p 00000000 00:00 0 
6634f000-663cd000 rw-p 00000000 00:00 0 
663cd000-663d0000 ---p 00000000 00:00 0 
663d0000-6644e000 rw-p 00000000 00:00 0 
6644e000-66451000 ---p 00000000 00:00 0 
66451000-664cf000 rw-p 00000000 00:00 0 
664cf000-66600000 r--p 00744000 08:03 2500441    /usr/lib/locale/locale-archive
66600000-66800000 r--p 00000000 08:03 2500441    /usr/lib/locale/locale-archive
66800000-66856000 rw-p 00000000 00:00 0 
66856000-66900000 ---p 00000000 00:00 0 
66900000-66921000 rw-p 00000000 00:00 0 
66921000-66a00000 ---p 00000000 00:00 0 
66a0d000-66a10000 ---p 00000000 00:00 0 
66a10000-66a5e000 rw-p 00000000 00:00 0 
66a5e000-66a61000 ---p 00000000 00:00 0 
66a61000-66aaf000 rw-p 00000000 00:00 0 
66aaf000-66ab2000 ---p 00000000 00:00 0 
66ab2000-66b00000 rw-p 00000000 00:00 0 
66b00000-66b21000 rw-p 00000000 00:00 0 
66b21000-66c00000 ---p 00000000 00:00 0 
66c15000-66c16000 ---p 00000000 00:00 0 
66c16000-66c96000 rw-p 00000000 00:00 0 
66c96000-66e64000 r--s 03bf1000 08:03 2885947    /usr/lib/jvm/java-8-openjdk-i386/jre/lib/rt.jar
66e64000-670aa000 rw-p 00000000 00:00 0 
670aa000-672b0000 ---p 00000000 00:00 0 
672b0000-69500000 rw-p 00000000 00:00 0 
69500000-69521000 rw-p 00000000 00:00 0 
69521000-69600000 ---p 00000000 00:00 0 
6962e000-69631000 ---p 00000000 00:00 0 
69631000-6967f000 rw-p 00000000 00:00 0 
6967f000-69680000 ---p 00000000 00:00 0 
69680000-69700000 rw-p 00000000 00:00 0 
69700000-69721000 rw-p 00000000 00:00 0 
69721000-69800000 ---p 00000000 00:00 0 
69817000-69832000 r--s 00394000 08:03 2885927    /usr/lib/jvm/java-8-openjdk-i386/jre/lib/ext/cldrdata.jar
69832000-6987f000 rw-p 00000000 00:00 0 
6987f000-69880000 ---p 00000000 00:00 0 
69880000-69900000 rw-p 00000000 00:00 0 
69900000-69921000 rw-p 00000000 00:00 0 
69921000-69a00000 ---p 00000000 00:00 0 
69a09000-69a24000 r--s 001d5000 08:03 2885928    /usr/lib/jvm/java-8-openjdk-i386/jre/lib/ext/nashorn.jar
69a24000-69a7f000 rw-p 00000000 00:00 0 
69a7f000-69a80000 ---p 00000000 00:00 0 
69a80000-69b00000 rw-p 00000000 00:00 0 
69b00000-69b21000 rw-p 00000000 00:00 0 
69b21000-69c00000 ---p 00000000 00:00 0 
69c00000-69c2c000 rw-p 00000000 00:00 0 
69c2c000-69d5c000 ---p 00000000 00:00 0 
69d5c000-69d67000 rw-p 00000000 00:00 0 
69d67000-69dff000 ---p 00000000 00:00 0 
69dff000-6c780000 rw-p 00000000 00:00 0 
6c780000-928c0000 ---p 00000000 00:00 0 
928c0000-93d40000 rw-p 00000000 00:00 0 
93d40000-a6e00000 ---p 00000000 00:00 0 
a6e03000-a6e08000 r--s 0003b000 08:03 2885929    /usr/lib/jvm/java-8-openjdk-i386/jre/lib/ext/sunjce_provider.jar
a6e08000-a6e09000 ---p 00000000 00:00 0 
a6e09000-a6e9e000 rw-p 00000000 00:00 0 
a6e9e000-a6fcf000 ---p 00000000 00:00 0 
a6fcf000-a6fd8000 rw-p 00000000 00:00 0 
a6fd8000-a738f000 ---p 00000000 00:00 0 
a738f000-a75cf000 rwxp 00000000 00:00 0 
a75cf000-b638f000 ---p 00000000 00:00 0 
b638f000-b63a8000 r-xp 00000000 08:03 2754037    /lib/i386-linux-gnu/libz.so.1.2.8
b63a8000-b63a9000 r--p 00018000 08:03 2754037    /lib/i386-linux-gnu/libz.so.1.2.8
b63a9000-b63aa000 rw-p 00019000 08:03 2754037    /lib/i386-linux-gnu/libz.so.1.2.8
b63ac000-b63b0000 r--s 00037000 08:03 2885930    /usr/lib/jvm/java-8-openjdk-i386/jre/lib/ext/sunpkcs11.jar
b63b0000-b63ba000 r--s 00116000 08:03 2885933    /usr/lib/jvm/java-8-openjdk-i386/jre/lib/ext/localedata.jar
b63ba000-b63bd000 r--s 0000f000 08:03 2885935    /usr/lib/jvm/java-8-openjdk-i386/jre/lib/ext/icedtea-sound.jar
b63bd000-b63bf000 r--s 00008000 08:03 2885932    /usr/lib/jvm/java-8-openjdk-i386/jre/lib/ext/sunec.jar
b63bf000-b63ca000 r-xp 00000000 08:03 2753945    /lib/i386-linux-gnu/libnss_files-2.23.so
b63ca000-b63cb000 r--p 0000a000 08:03 2753945    /lib/i386-linux-gnu/libnss_files-2.23.so
b63cb000-b63cc000 rw-p 0000b000 08:03 2753945    /lib/i386-linux-gnu/libnss_files-2.23.so
b63cc000-b63d2000 rw-p 00000000 00:00 0 
b63d2000-b63dd000 r-xp 00000000 08:03 2753955    /lib/i386-linux-gnu/libnss_nis-2.23.so
b63dd000-b63de000 r--p 0000a000 08:03 2753955    /lib/i386-linux-gnu/libnss_nis-2.23.so
b63de000-b63df000 rw-p 0000b000 08:03 2753955    /lib/i386-linux-gnu/libnss_nis-2.23.so
b63df000-b63f6000 r-xp 00000000 08:03 2753939    /lib/i386-linux-gnu/libnsl-2.23.so
b63f6000-b63f7000 r--p 00016000 08:03 2753939    /lib/i386-linux-gnu/libnsl-2.23.so
b63f7000-b63f8000 rw-p 00017000 08:03 2753939    /lib/i386-linux-gnu/libnsl-2.23.so
b63f8000-b63fa000 rw-p 00000000 00:00 0 
b63fa000-b6402000 r-xp 00000000 08:03 2753941    /lib/i386-linux-gnu/libnss_compat-2.23.so
b6402000-b6403000 r--p 00007000 08:03 2753941    /lib/i386-linux-gnu/libnss_compat-2.23.so
b6403000-b6404000 rw-p 00008000 08:03 2753941    /lib/i386-linux-gnu/libnss_compat-2.23.so
b6404000-b6405000 r--s 00010000 08:03 2885934    /usr/lib/jvm/java-8-openjdk-i386/jre/lib/ext/zipfs.jar
b6405000-b6407000 r--s 00001000 08:03 2885936    /usr/lib/jvm/java-8-openjdk-i386/jre/lib/ext/dnsns.jar
b6407000-b640f000 r-xp 00000000 08:03 2885979    /usr/lib/jvm/java-8-openjdk-i386/jre/lib/i386/libzip.so
b640f000-b6410000 r--p 00007000 08:03 2885979    /usr/lib/jvm/java-8-openjdk-i386/jre/lib/i386/libzip.so
b6410000-b6411000 rw-p 00008000 08:03 2885979    /usr/lib/jvm/java-8-openjdk-i386/jre/lib/i386/libzip.so
b6411000-b6419000 rw-s 00000000 08:03 404029     /tmp/hsperfdata_rodo/4503 (deleted)
b6419000-b6440000 r-xp 00000000 08:03 2885972    /usr/lib/jvm/java-8-openjdk-i386/jre/lib/i386/libjava.so
b6440000-b6441000 r--p 00026000 08:03 2885972    /usr/lib/jvm/java-8-openjdk-i386/jre/lib/i386/libjava.so
b6441000-b6442000 rw-p 00027000 08:03 2885972    /usr/lib/jvm/java-8-openjdk-i386/jre/lib/i386/libjava.so
b6442000-b6449000 r-xp 00000000 08:03 2754000    /lib/i386-linux-gnu/librt-2.23.so
b6449000-b644a000 r--p 00006000 08:03 2754000    /lib/i386-linux-gnu/librt-2.23.so
b644a000-b644b000 rw-p 00007000 08:03 2754000    /lib/i386-linux-gnu/librt-2.23.so
b644b000-b644e000 rw-p 00000000 00:00 0 
b644e000-b646a000 r-xp 00000000 08:03 2753886    /lib/i386-linux-gnu/libgcc_s.so.1
b646a000-b646b000 rw-p 0001b000 08:03 2753886    /lib/i386-linux-gnu/libgcc_s.so.1
b646b000-b6484000 r-xp 00000000 08:03 2753992    /lib/i386-linux-gnu/libpthread-2.23.so
b6484000-b6485000 r--p 00018000 08:03 2753992    /lib/i386-linux-gnu/libpthread-2.23.so
b6485000-b6486000 rw-p 00019000 08:03 2753992    /lib/i386-linux-gnu/libpthread-2.23.so
b6486000-b6488000 rw-p 00000000 00:00 0 
b6488000-b648b000 r-xp 00000000 08:03 2753872    /lib/i386-linux-gnu/libdl-2.23.so
b648b000-b648c000 r--p 00002000 08:03 2753872    /lib/i386-linux-gnu/libdl-2.23.so
b648c000-b648d000 rw-p 00003000 08:03 2753872    /lib/i386-linux-gnu/libdl-2.23.so
b648d000-b64e0000 r-xp 00000000 08:03 2753918    /lib/i386-linux-gnu/libm-2.23.so
b64e0000-b64e1000 r--p 00052000 08:03 2753918    /lib/i386-linux-gnu/libm-2.23.so
b64e1000-b64e2000 rw-p 00053000 08:03 2753918    /lib/i386-linux-gnu/libm-2.23.so
b64e2000-b664f000 r-xp 00000000 08:03 2492408    /usr/lib/i386-linux-gnu/libstdc++.so.6.0.21
b664f000-b6650000 ---p 0016d000 08:03 2492408    /usr/lib/i386-linux-gnu/libstdc++.so.6.0.21
b6650000-b6655000 r--p 0016d000 08:03 2492408    /usr/lib/i386-linux-gnu/libstdc++.so.6.0.21
b6655000-b6656000 rw-p 00172000 08:03 2492408    /usr/lib/i386-linux-gnu/libstdc++.so.6.0.21
b6656000-b6659000 rw-p 00000000 00:00 0 
b6659000-b6808000 r-xp 00000000 08:03 2753848    /lib/i386-linux-gnu/libc-2.23.so
b6808000-b6809000 ---p 001af000 08:03 2753848    /lib/i386-linux-gnu/libc-2.23.so
b6809000-b680b000 r--p 001af000 08:03 2753848    /lib/i386-linux-gnu/libc-2.23.so
b680b000-b680c000 rw-p 001b1000 08:03 2753848    /lib/i386-linux-gnu/libc-2.23.so
b680c000-b680f000 rw-p 00000000 00:00 0 
b680f000-b6810000 r--s 0000a000 08:03 2885931    /usr/lib/jvm/java-8-openjdk-i386/jre/lib/ext/jaccess.jar
b6810000-b6811000 r--p 00741000 08:03 2500441    /usr/lib/locale/locale-archive
b6811000-b6812000 r--p 009b0000 08:03 2500441    /usr/lib/locale/locale-archive
b6812000-b6813000 rw-p 00000000 00:00 0 
b6813000-b6814000 ---p 00000000 00:00 0 
b6814000-b6822000 r-xp 00000000 08:03 2885977    /usr/lib/jvm/java-8-openjdk-i386/jre/lib/i386/libverify.so
b6822000-b6823000 r--p 0000d000 08:03 2885977    /usr/lib/jvm/java-8-openjdk-i386/jre/lib/i386/libverify.so
b6823000-b6824000 rw-p 0000e000 08:03 2885977    /usr/lib/jvm/java-8-openjdk-i386/jre/lib/i386/libverify.so
b6824000-b72f0000 r-xp 00000000 08:03 2885981    /usr/lib/jvm/java-8-openjdk-i386/jre/lib/i386/server/libjvm.so
b72f0000-b7335000 r--p 00acb000 08:03 2885981    /usr/lib/jvm/java-8-openjdk-i386/jre/lib/i386/server/libjvm.so
b7335000-b734c000 rw-p 00b10000 08:03 2885981    /usr/lib/jvm/java-8-openjdk-i386/jre/lib/i386/server/libjvm.so
b734c000-b776d000 rw-p 00000000 00:00 0 
b776d000-b776f000 r--p 00000000 00:00 0          [vvar]
b776f000-b7770000 r-xp 00000000 00:00 0          [vdso]
b7770000-b7792000 r-xp 00000000 08:03 2753820    /lib/i386-linux-gnu/ld-2.23.so
b7792000-b7793000 rw-p 00000000 00:00 0 
b7793000-b7794000 r--p 00022000 08:03 2753820    /lib/i386-linux-gnu/ld-2.23.so
b7794000-b7795000 rw-p 00023000 08:03 2753820    /lib/i386-linux-gnu/ld-2.23.so
bfb67000-bfb68000 rwxp 00000000 00:00 0 
bfb6f000-bfbbb000 rw-p 00000000 00:00 0          [stack]

VM Arguments:
java_command: <unknown>
java_class_path (initial): .
Launcher Type: generic

Environment Variables:
PATH=/home/rodo/bin:/home/rodo/.local/bin:/usr/local/sbin:/usr/local/bin:/usr/sbin:/usr/bin:/sbin:/bin:/usr/games:/usr/local/games:/snap/bin
LD_LIBRARY_PATH=/usr/lib/jvm/java-8-openjdk-i386/jre/lib/i386/server
SHELL=/bin/bash
DISPLAY=:0

Signal Handlers:
SIGSEGV: [libjvm.so+0x8d3660], sa_mask[0]=11111111011111111101111111111110, sa_flags=SA_RESTART|SA_SIGINFO
SIGBUS: [libjvm.so+0x8d3660], sa_mask[0]=11111111011111111101111111111110, sa_flags=SA_RESTART|SA_SIGINFO
SIGFPE: [libjvm.so+0x739c10], sa_mask[0]=11111111011111111101111111111110, sa_flags=SA_RESTART|SA_SIGINFO
SIGPIPE: [libjvm.so+0x739c10], sa_mask[0]=11111111011111111101111111111110, sa_flags=SA_RESTART|SA_SIGINFO
SIGXFSZ: [libjvm.so+0x739c10], sa_mask[0]=11111111011111111101111111111110, sa_flags=SA_RESTART|SA_SIGINFO
SIGILL: [libjvm.so+0x739c10], sa_mask[0]=11111111011111111101111111111110, sa_flags=SA_RESTART|SA_SIGINFO
SIGUSR1: SIG_DFL, sa_mask[0]=00000000000000000000000000000000, sa_flags=none
SIGUSR2: [libjvm.so+0x739a50], sa_mask[0]=00000000000000000000000000000000, sa_flags=SA_RESTART|SA_SIGINFO
SIGHUP: [libjvm.so+0x73a1e0], sa_mask[0]=11111111011111111101111111111110, sa_flags=SA_RESTART|SA_SIGINFO
SIGINT: [libjvm.so+0x73a1e0], sa_mask[0]=11111111011111111101111111111110, sa_flags=SA_RESTART|SA_SIGINFO
SIGTERM: [libjvm.so+0x73a1e0], sa_mask[0]=11111111011111111101111111111110, sa_flags=SA_RESTART|SA_SIGINFO
SIGQUIT: [libjvm.so+0x73a1e0], sa_mask[0]=11111111011111111101111111111110, sa_flags=SA_RESTART|SA_SIGINFO


---------------  S Y S T E M  ---------------

OS:DISTRIB_ID=Ubuntu
DISTRIB_RELEASE=16.04
DISTRIB_CODENAME=xenial
DISTRIB_DESCRIPTION="Ubuntu 16.04.1 LTS"

uname:Linux 4.4.0-47-generic #68-Ubuntu SMP Wed Oct 26 19:39:59 UTC 2016 i686
libc:glibc 2.23 NPTL 2.23 
rlimit: STACK 8192k, CORE 0k, NPROC 30947, NOFILE 65536, AS infinity
load average:0.29 0.27 0.27

/proc/meminfo:
MemTotal:        3996992 kB
MemFree:         1269980 kB
MemAvailable:    1835312 kB
Buffers:          118732 kB
Cached:          1021780 kB
SwapCached:            0 kB
Active:          1885124 kB
Inactive:         693448 kB
Active(anon):    1441504 kB
Inactive(anon):   260880 kB
Active(file):     443620 kB
Inactive(file):   432568 kB
Unevictable:          48 kB
Mlocked:              48 kB
HighTotal:       3147012 kB
HighFree:         916364 kB
LowTotal:         849980 kB
LowFree:          353616 kB
SwapTotal:       3998716 kB
SwapFree:        3998716 kB
Dirty:               120 kB
Writeback:             0 kB
AnonPages:       1438240 kB
Mapped:           455592 kB
Shmem:            264324 kB
Slab:              90080 kB
SReclaimable:      62540 kB
SUnreclaim:        27540 kB
KernelStack:        5600 kB
PageTables:        21728 kB
NFS_Unstable:          0 kB
Bounce:                0 kB
WritebackTmp:          0 kB
CommitLimit:     5997212 kB
Committed_AS:    7339236 kB
VmallocTotal:     122880 kB
VmallocUsed:           0 kB
VmallocChunk:          0 kB
AnonHugePages:    616448 kB
CmaTotal:              0 kB
CmaFree:               0 kB
HugePages_Total:       0
HugePages_Free:        0
HugePages_Rsvd:        0
HugePages_Surp:        0
Hugepagesize:       2048 kB
DirectMap4k:       30712 kB
DirectMap2M:      880640 kB


CPU:total 4 (2 cores per cpu, 2 threads per core) family 6 model 42 stepping 7, cmov, cx8, fxsr, mmx, sse, sse2, sse3, ssse3, sse4.1, sse4.2, popcnt, avx, clmul, ht, tsc, tscinvbit

/proc/cpuinfo:
processor	: 0
vendor_id	: GenuineIntel
cpu family	: 6
model		: 42
model name	: Intel(R) Core(TM) i3-2348M CPU @ 2.30GHz
stepping	: 7
microcode	: 0x28
cpu MHz		: 1362.750
cache size	: 3072 KB
physical id	: 0
siblings	: 4
core id		: 0
cpu cores	: 2
apicid		: 0
initial apicid	: 0
fdiv_bug	: no
f00f_bug	: no
coma_bug	: no
fpu		: yes
fpu_exception	: yes
cpuid level	: 13
wp		: yes
flags		: fpu vme de pse tsc msr pae mce cx8 apic sep mtrr pge mca cmov pat pse36 clflush dts acpi mmx fxsr sse sse2 ss ht tm pbe nx rdtscp lm constant_tsc arch_perfmon pebs bts xtopology nonstop_tsc aperfmperf eagerfpu pni pclmulqdq dtes64 monitor ds_cpl vmx est tm2 ssse3 cx16 xtpr pdcm pcid sse4_1 sse4_2 x2apic popcnt tsc_deadline_timer xsave avx lahf_lm epb tpr_shadow vnmi flexpriority ept vpid xsaveopt dtherm arat pln pts
bugs		:
bogomips	: 4589.49
clflush size	: 64
cache_alignment	: 64
address sizes	: 36 bits physical, 48 bits virtual
power management:

processor	: 1
vendor_id	: GenuineIntel
cpu family	: 6
model		: 42
model name	: Intel(R) Core(TM) i3-2348M CPU @ 2.30GHz
stepping	: 7
microcode	: 0x28
cpu MHz		: 1375.867
cache size	: 3072 KB
physical id	: 0
siblings	: 4
core id		: 0
cpu cores	: 2
apicid		: 1
initial apicid	: 1
fdiv_bug	: no
f00f_bug	: no
coma_bug	: no
fpu		: yes
fpu_exception	: yes
cpuid level	: 13
wp		: yes
flags		: fpu vme de pse tsc msr pae mce cx8 apic sep mtrr pge mca cmov pat pse36 clflush dts acpi mmx fxsr sse sse2 ss ht tm pbe nx rdtscp lm constant_tsc arch_perfmon pebs bts xtopology nonstop_tsc aperfmperf eagerfpu pni pclmulqdq dtes64 monitor ds_cpl vmx est tm2 ssse3 cx16 xtpr pdcm pcid sse4_1 sse4_2 x2apic popcnt tsc_deadline_timer xsave avx lahf_lm epb tpr_shadow vnmi flexpriority ept vpid xsaveopt dtherm arat pln pts
bugs		:
bogomips	: 4589.49
clflush size	: 64
cache_alignment	: 64
address sizes	: 36 bits physical, 48 bits virtual
power management:

processor	: 2
vendor_id	: GenuineIntel
cpu family	: 6
model		: 42
model name	: Intel(R) Core(TM) i3-2348M CPU @ 2.30GHz
stepping	: 7
microcode	: 0x28
cpu MHz		: 1242.359
cache size	: 3072 KB
physical id	: 0
siblings	: 4
core id		: 1
cpu cores	: 2
apicid		: 2
initial apicid	: 2
fdiv_bug	: no
f00f_bug	: no
coma_bug	: no
fpu		: yes
fpu_exception	: yes
cpuid level	: 13
wp		: yes
flags		: fpu vme de pse tsc msr pae mce cx8 apic sep mtrr pge mca cmov pat pse36 clflush dts acpi mmx fxsr sse sse2 ss ht tm pbe nx rdtscp lm constant_tsc arch_perfmon pebs bts xtopology nonstop_tsc aperfmperf eagerfpu pni pclmulqdq dtes64 monitor ds_cpl vmx est tm2 ssse3 cx16 xtpr pdcm pcid sse4_1 sse4_2 x2apic popcnt tsc_deadline_timer xsave avx lahf_lm epb tpr_shadow vnmi flexpriority ept vpid xsaveopt dtherm arat pln pts
bugs		:
bogomips	: 4589.49
clflush size	: 64
cache_alignment	: 64
address sizes	: 36 bits physical, 48 bits virtual
power management:

processor	: 3
vendor_id	: GenuineIntel
cpu family	: 6
model		: 42
model name	: Intel(R) Core(TM) i3-2348M CPU @ 2.30GHz
stepping	: 7
microcode	: 0x28
cpu MHz		: 1459.062
cache size	: 3072 KB
physical id	: 0
siblings	: 4
core id		: 1
cpu cores	: 2
apicid		: 3
initial apicid	: 3
fdiv_bug	: no
f00f_bug	: no
coma_bug	: no
fpu		: yes
fpu_exception	: yes
cpuid level	: 13
wp		: yes
flags		: fpu vme de pse tsc msr pae mce cx8 apic sep mtrr pge mca cmov pat pse36 clflush dts acpi mmx fxsr sse sse2 ss ht tm pbe nx rdtscp lm constant_tsc arch_perfmon pebs bts xtopology nonstop_tsc aperfmperf eagerfpu pni pclmulqdq dtes64 monitor ds_cpl vmx est tm2 ssse3 cx16 xtpr pdcm pcid sse4_1 sse4_2 x2apic popcnt tsc_deadline_timer xsave avx lahf_lm epb tpr_shadow vnmi flexpriority ept vpid xsaveopt dtherm arat pln pts
bugs		:
bogomips	: 4589.49
clflush size	: 64
cache_alignment	: 64
address sizes	: 36 bits physical, 48 bits virtual
power management:



Memory: 4k page, physical 3996992k(1269980k free), swap 3998716k(3998716k free)

vm_info: OpenJDK Server VM (25.111-b14) for linux-x86 JRE (1.8.0_111-8u111-b14-2ubuntu0.16.04.2-b14), built on Oct 27 2016 18:24:51 by "buildd" with gcc 5.4.0 20160609

time: Fri Jan  6 13:22:21 2017
elapsed time: 0 seconds (0d 0h 0m 0s)

