#
# A fatal error has been detected by the Java Runtime Environment:
#
#  SIGSEGV (0xb) at pc=0xb6798db9, pid=4238, tid=0xb6466700
#
# JRE version: OpenJDK Runtime Environment (8.0_111-b14) (build 1.8.0_111-8u111-b14-2ubuntu0.16.04.2-b14)
# Java VM: OpenJDK Server VM (25.111-b14 mixed mode linux-x86 )
# Problematic frame:
# C  [libc.so.6+0x125db9]
#
# Failed to write core dump. Core dumps have been disabled. To enable core dumping, try "ulimit -c unlimited" before starting Java again
#
# If you would like to submit a bug report, please visit:
#   http://bugreport.java.com/bugreport/crash.jsp
# The crash happened outside the Java Virtual Machine in native code.
# See problematic frame for where to report the bug.
#

---------------  T H R E A D  ---------------

Current thread (0x0869b400):  JavaThread "main" [_thread_in_native, id=4238, stack(0xbfea4000,0xbfef4000)]

siginfo: si_signo: 11 (SIGSEGV), si_code: 2 (SEGV_ACCERR), si_addr: 0x080489f0

Registers:
EAX=0x01010101, EBX=0xb6798db9, ECX=0x00000020, EDX=0x08048a10
ESP=0xbfef2898, EBP=0xbfef28c8, ESI=0xb6825000, EDI=0xb6825000
EIP=0xb6798db9, EFLAGS=0x00010202, CR2=0x080489f0

Top of Stack: (sp=0xbfef2898)
0xbfef2898:   00000000 08048a7c 080489f0 00000001
0xbfef28a8:   00000020 00000000 b6825000 b6825000
0xbfef28b8:   0869bfa4 080489f0 0869b52c 00000000
0xbfef28c8:   bfef2918 08048bab bfef28ec bfef28ec
0xbfef28d8:   bfef2918 08048b9f bfef2978 b667e438
0xbfef28e8:   00000000 65636341 452d7470 646f636e
0xbfef28f8:   3a676e69 697a6720 0d0a0d70 6f573f0a
0xbfef2908:   3f736b72 c5d34e00 b6825d60 b77ae918 

Instructions: (pc=0xb6798db9)
0xb6798d99:   8d bc 27 00 00 00 00 66 0f 7f 42 90 66 0f 7f 42
0xb6798da9:   a0 66 0f 7f 42 b0 66 0f 7f 42 c0 66 0f 7f 42 d0
0xb6798db9:   66 0f 7f 42 e0 66 0f 7f 42 f0 8b 44 24 08 5b c3
0xb6798dc9:   8d b4 26 00 00 00 00 66 0f 7f 42 8f 66 0f 7f 42 

Register to memory mapping:

EAX=0x01010101 is an unknown value
EBX=0xb6798db9: <offset 0x125db9> in /lib/i386-linux-gnu/libc.so.6 at 0xb6673000
ECX=0x00000020 is an unknown value
EDX=0x08048a10: <offset 0xa10> in ./server at 0x08048000
ESP=0xbfef2898 is pointing into the stack for thread: 0x0869b400
EBP=0xbfef28c8 is pointing into the stack for thread: 0x0869b400
ESI=0xb6825000: <offset 0x1b2000> in /lib/i386-linux-gnu/libc.so.6 at 0xb6673000
EDI=0xb6825000: <offset 0x1b2000> in /lib/i386-linux-gnu/libc.so.6 at 0xb6673000


Stack: [0xbfea4000,0xbfef4000],  sp=0xbfef2898,  free space=314k
Native frames: (J=compiled Java code, j=interpreted, Vv=VM code, C=native code)
C  [libc.so.6+0x125db9]
C  [server+0xbab]
C  [server+0xd49]
C  [libc.so.6+0x18637]  __libc_start_main+0xf7


---------------  P R O C E S S  ---------------

Java Threads: ( => current thread )
  0x08839800 JavaThread "Service Thread" daemon [_thread_blocked, id=4250, stack(0x66a0d000,0x66a5e000)]
  0x08836800 JavaThread "C1 CompilerThread2" daemon [_thread_blocked, id=4249, stack(0x6634c000,0x663cd000)]
  0x08835000 JavaThread "C2 CompilerThread1" daemon [_thread_blocked, id=4248, stack(0x663cd000,0x6644e000)]
  0x08833000 JavaThread "C2 CompilerThread0" daemon [_thread_blocked, id=4247, stack(0x6644e000,0x664cf000)]
  0x08831800 JavaThread "Signal Dispatcher" daemon [_thread_blocked, id=4246, stack(0x66a5e000,0x66aaf000)]
  0x08817400 JavaThread "Finalizer" daemon [_thread_blocked, id=4245, stack(0x66aaf000,0x66b00000)]
  0x08814400 JavaThread "Reference Handler" daemon [_thread_blocked, id=4244, stack(0x6962e000,0x6967f000)]
=>0x0869b400 JavaThread "main" [_thread_in_native, id=4238, stack(0xbfea4000,0xbfef4000)]

Other Threads:
  0x0880fc00 VMThread [stack: 0x66c15000,0x66c96000] [id=4243]
  0x0883b400 WatcherThread [stack: 0x662cb000,0x6634c000] [id=4251]

VM state:not at safepoint (normal execution)

VM Mutex/Monitor currently owned by a thread: None

Heap:
 PSYoungGen      total 18432K, used 634K [0x928c0000, 0x93d40000, 0xa6e00000)
  eden space 15872K, 4% used [0x928c0000,0x9295ebc0,0x93840000)
  from space 2560K, 0% used [0x93ac0000,0x93ac0000,0x93d40000)
  to   space 2560K, 0% used [0x93840000,0x93840000,0x93ac0000)
 ParOldGen       total 42496K, used 0K [0x69e00000, 0x6c780000, 0x928c0000)
  object space 42496K, 0% used [0x69e00000,0x69e00000,0x6c780000)
 Metaspace       used 1613K, capacity 2202K, committed 2328K, reserved 4400K

Card table byte_map: [0xa6e00000,0xa6fe9000] byte_map_base: 0xa6ab1000

Marking Bits: (ParMarkBitMap*) 0xb73747e0
 Begin Bits: [0x67680000, 0x685c0000)
 End Bits:   [0x685c0000, 0x69500000)

Polling page: 0xb682d000

CodeCache: size=245760Kb used=674Kb max_used=674Kb free=245085Kb
 bounds [0xa73a9000, 0xa75e9000, 0xb63a9000]
 total_blobs=166 nmethods=14 adapters=68
 compilation: enabled

Compilation events (10 events):
Event: 0.115 Thread 0x08836800 nmethod 8 0xa744a488 code [0xa744a5a0, 0xa744a680]
Event: 0.115 Thread 0x08836800   10       1       java.lang.Object::<init> (1 bytes)
Event: 0.116 Thread 0x08836800 nmethod 10 0xa744d348 code [0xa744d440, 0xa744d4e0]
Event: 0.116 Thread 0x08836800    9       3       java.lang.AbstractStringBuilder::ensureCapacityInternal (27 bytes)
Event: 0.116 Thread 0x08836800 nmethod 9 0xa744cd48 code [0xa744cea0, 0xa744d1d8]
Event: 0.116 Thread 0x08836800   11       1       java.lang.ref.Reference::get (5 bytes)
Event: 0.117 Thread 0x08836800 nmethod 11 0xa744cb48 code [0xa744cc40, 0xa744cce0]
Event: 0.117 Thread 0x08836800   12       1       java.lang.ThreadLocal::access$400 (5 bytes)
Event: 0.117 Thread 0x08836800 nmethod 12 0xa744c948 code [0xa744ca40, 0xa744cac0]
Event: 0.121 Thread 0x08836800   13       3       java.lang.AbstractStringBuilder::append (50 bytes)

GC Heap History (0 events):
No events

Deoptimization events (0 events):
No events

Internal exceptions (2 events):
Event: 0.053 Thread 0x0869b400 Exception <a 'java/lang/NoSuchMethodError': Method sun.misc.Unsafe.defineClass(Ljava/lang/String;[BII)Ljava/lang/Class; name or signature does not match> (0x928c6e60) thrown at [/build/openjdk-8-vuCyZK/openjdk-8-8u111-b14/src/hotspot/src/share/vm/prims/jn
Event: 0.053 Thread 0x0869b400 Exception <a 'java/lang/NoSuchMethodError': Method sun.misc.Unsafe.prefetchRead(Ljava/lang/Object;J)V name or signature does not match> (0x928c7130) thrown at [/build/openjdk-8-vuCyZK/openjdk-8-8u111-b14/src/hotspot/src/share/vm/prims/jni.cpp, line 4011]

Events (10 events):
Event: 0.120 loading class java/io/FilePermission$1
Event: 0.120 loading class java/io/FilePermission$1 done
Event: 0.120 loading class java/io/FilePermissionCollection
Event: 0.121 loading class java/io/FilePermissionCollection done
Event: 0.121 loading class java/security/AllPermission
Event: 0.121 loading class java/security/AllPermission done
Event: 0.121 loading class java/security/UnresolvedPermission
Event: 0.121 loading class java/security/UnresolvedPermission done
Event: 0.121 loading class java/security/BasicPermissionCollection
Event: 0.121 loading class java/security/BasicPermissionCollection done


Dynamic libraries:
08048000-0804a000 r-xp 00000000 08:06 5374264    /home/rodo/Desktop/tech/sockets/server
0804a000-0804b000 r--p 00001000 08:06 5374264    /home/rodo/Desktop/tech/sockets/server
0804b000-0804c000 rw-p 00002000 08:06 5374264    /home/rodo/Desktop/tech/sockets/server
0868f000-088c0000 rw-p 00000000 00:00 0          [heap]
662cb000-662cc000 ---p 00000000 00:00 0 
662cc000-6634c000 rw-p 00000000 00:00 0 
6634c000-6634f000 ---p 00000000 00:00 0 
6634f000-663cd000 rw-p 00000000 00:00 0 
663cd000-663d0000 ---p 00000000 00:00 0 
663d0000-6644e000 rw-p 00000000 00:00 0 
6644e000-66451000 ---p 00000000 00:00 0 
66451000-664cf000 rw-p 00000000 00:00 0 
664cf000-66600000 r--p 00744000 08:03 2500441    /usr/lib/locale/locale-archive
66600000-66800000 r--p 00000000 08:03 2500441    /usr/lib/locale/locale-archive
66800000-66845000 rw-p 00000000 00:00 0 
66845000-66900000 ---p 00000000 00:00 0 
66900000-66921000 rw-p 00000000 00:00 0 
66921000-66a00000 ---p 00000000 00:00 0 
66a0d000-66a10000 ---p 00000000 00:00 0 
66a10000-66a5e000 rw-p 00000000 00:00 0 
66a5e000-66a61000 ---p 00000000 00:00 0 
66a61000-66aaf000 rw-p 00000000 00:00 0 
66aaf000-66ab2000 ---p 00000000 00:00 0 
66ab2000-66b00000 rw-p 00000000 00:00 0 
66b00000-66b21000 rw-p 00000000 00:00 0 
66b21000-66c00000 ---p 00000000 00:00 0 
66c15000-66c16000 ---p 00000000 00:00 0 
66c16000-66c96000 rw-p 00000000 00:00 0 
66c96000-66e64000 r--s 03bf1000 08:03 2885947    /usr/lib/jvm/java-8-openjdk-i386/jre/lib/rt.jar
66e64000-670aa000 rw-p 00000000 00:00 0 
670aa000-672b0000 ---p 00000000 00:00 0 
672b0000-69500000 rw-p 00000000 00:00 0 
69500000-69521000 rw-p 00000000 00:00 0 
69521000-69600000 ---p 00000000 00:00 0 
6962e000-69631000 ---p 00000000 00:00 0 
69631000-6967f000 rw-p 00000000 00:00 0 
6967f000-69680000 ---p 00000000 00:00 0 
69680000-69700000 rw-p 00000000 00:00 0 
69700000-69721000 rw-p 00000000 00:00 0 
69721000-69800000 ---p 00000000 00:00 0 
69832000-6987f000 rw-p 00000000 00:00 0 
6987f000-69880000 ---p 00000000 00:00 0 
69880000-69900000 rw-p 00000000 00:00 0 
69900000-69921000 rw-p 00000000 00:00 0 
69921000-69a00000 ---p 00000000 00:00 0 
69a09000-69a24000 r--s 00394000 08:03 2885927    /usr/lib/jvm/java-8-openjdk-i386/jre/lib/ext/cldrdata.jar
69a24000-69a7f000 rw-p 00000000 00:00 0 
69a7f000-69a80000 ---p 00000000 00:00 0 
69a80000-69b00000 rw-p 00000000 00:00 0 
69b00000-69b21000 rw-p 00000000 00:00 0 
69b21000-69c00000 ---p 00000000 00:00 0 
69c02000-69c07000 r--s 0003b000 08:03 2885929    /usr/lib/jvm/java-8-openjdk-i386/jre/lib/ext/sunjce_provider.jar
69c07000-69c22000 r--s 001d5000 08:03 2885928    /usr/lib/jvm/java-8-openjdk-i386/jre/lib/ext/nashorn.jar
69c22000-69c39000 rw-p 00000000 00:00 0 
69c39000-69c3a000 ---p 00000000 00:00 0 
69c3a000-69ccf000 rw-p 00000000 00:00 0 
69ccf000-69e00000 ---p 00000000 00:00 0 
69e00000-6c780000 rw-p 00000000 00:00 0 
6c780000-928c0000 ---p 00000000 00:00 0 
928c0000-93d40000 rw-p 00000000 00:00 0 
93d40000-a6e00000 ---p 00000000 00:00 0 
a6e00000-a6e15000 rw-p 00000000 00:00 0 
a6e15000-a6f45000 ---p 00000000 00:00 0 
a6f45000-a6f50000 rw-p 00000000 00:00 0 
a6f50000-a6fe8000 ---p 00000000 00:00 0 
a6fe8000-a6ff2000 rw-p 00000000 00:00 0 
a6ff2000-a73a9000 ---p 00000000 00:00 0 
a73a9000-a75e9000 rwxp 00000000 00:00 0 
a75e9000-b63a9000 ---p 00000000 00:00 0 
b63a9000-b63c2000 r-xp 00000000 08:03 2754037    /lib/i386-linux-gnu/libz.so.1.2.8
b63c2000-b63c3000 r--p 00018000 08:03 2754037    /lib/i386-linux-gnu/libz.so.1.2.8
b63c3000-b63c4000 rw-p 00019000 08:03 2754037    /lib/i386-linux-gnu/libz.so.1.2.8
b63c6000-b63ca000 r--s 00037000 08:03 2885930    /usr/lib/jvm/java-8-openjdk-i386/jre/lib/ext/sunpkcs11.jar
b63ca000-b63d4000 r--s 00116000 08:03 2885933    /usr/lib/jvm/java-8-openjdk-i386/jre/lib/ext/localedata.jar
b63d4000-b63d7000 r--s 0000f000 08:03 2885935    /usr/lib/jvm/java-8-openjdk-i386/jre/lib/ext/icedtea-sound.jar
b63d7000-b63d9000 r--s 00008000 08:03 2885932    /usr/lib/jvm/java-8-openjdk-i386/jre/lib/ext/sunec.jar
b63d9000-b63e4000 r-xp 00000000 08:03 2753945    /lib/i386-linux-gnu/libnss_files-2.23.so
b63e4000-b63e5000 r--p 0000a000 08:03 2753945    /lib/i386-linux-gnu/libnss_files-2.23.so
b63e5000-b63e6000 rw-p 0000b000 08:03 2753945    /lib/i386-linux-gnu/libnss_files-2.23.so
b63e6000-b63ec000 rw-p 00000000 00:00 0 
b63ec000-b63f7000 r-xp 00000000 08:03 2753955    /lib/i386-linux-gnu/libnss_nis-2.23.so
b63f7000-b63f8000 r--p 0000a000 08:03 2753955    /lib/i386-linux-gnu/libnss_nis-2.23.so
b63f8000-b63f9000 rw-p 0000b000 08:03 2753955    /lib/i386-linux-gnu/libnss_nis-2.23.so
b63f9000-b6410000 r-xp 00000000 08:03 2753939    /lib/i386-linux-gnu/libnsl-2.23.so
b6410000-b6411000 r--p 00016000 08:03 2753939    /lib/i386-linux-gnu/libnsl-2.23.so
b6411000-b6412000 rw-p 00017000 08:03 2753939    /lib/i386-linux-gnu/libnsl-2.23.so
b6412000-b6414000 rw-p 00000000 00:00 0 
b6414000-b641c000 r-xp 00000000 08:03 2753941    /lib/i386-linux-gnu/libnss_compat-2.23.so
b641c000-b641d000 r--p 00007000 08:03 2753941    /lib/i386-linux-gnu/libnss_compat-2.23.so
b641d000-b641e000 rw-p 00008000 08:03 2753941    /lib/i386-linux-gnu/libnss_compat-2.23.so
b641e000-b641f000 r--s 00010000 08:03 2885934    /usr/lib/jvm/java-8-openjdk-i386/jre/lib/ext/zipfs.jar
b641f000-b6421000 r--s 00001000 08:03 2885936    /usr/lib/jvm/java-8-openjdk-i386/jre/lib/ext/dnsns.jar
b6421000-b6429000 r-xp 00000000 08:03 2885979    /usr/lib/jvm/java-8-openjdk-i386/jre/lib/i386/libzip.so
b6429000-b642a000 r--p 00007000 08:03 2885979    /usr/lib/jvm/java-8-openjdk-i386/jre/lib/i386/libzip.so
b642a000-b642b000 rw-p 00008000 08:03 2885979    /usr/lib/jvm/java-8-openjdk-i386/jre/lib/i386/libzip.so
b642b000-b6433000 rw-s 00000000 08:03 404029     /tmp/hsperfdata_rodo/4238
b6433000-b645a000 r-xp 00000000 08:03 2885972    /usr/lib/jvm/java-8-openjdk-i386/jre/lib/i386/libjava.so
b645a000-b645b000 r--p 00026000 08:03 2885972    /usr/lib/jvm/java-8-openjdk-i386/jre/lib/i386/libjava.so
b645b000-b645c000 rw-p 00027000 08:03 2885972    /usr/lib/jvm/java-8-openjdk-i386/jre/lib/i386/libjava.so
b645c000-b6463000 r-xp 00000000 08:03 2754000    /lib/i386-linux-gnu/librt-2.23.so
b6463000-b6464000 r--p 00006000 08:03 2754000    /lib/i386-linux-gnu/librt-2.23.so
b6464000-b6465000 rw-p 00007000 08:03 2754000    /lib/i386-linux-gnu/librt-2.23.so
b6465000-b6468000 rw-p 00000000 00:00 0 
b6468000-b6484000 r-xp 00000000 08:03 2753886    /lib/i386-linux-gnu/libgcc_s.so.1
b6484000-b6485000 rw-p 0001b000 08:03 2753886    /lib/i386-linux-gnu/libgcc_s.so.1
b6485000-b649e000 r-xp 00000000 08:03 2753992    /lib/i386-linux-gnu/libpthread-2.23.so
b649e000-b649f000 r--p 00018000 08:03 2753992    /lib/i386-linux-gnu/libpthread-2.23.so
b649f000-b64a0000 rw-p 00019000 08:03 2753992    /lib/i386-linux-gnu/libpthread-2.23.so
b64a0000-b64a2000 rw-p 00000000 00:00 0 
b64a2000-b64a5000 r-xp 00000000 08:03 2753872    /lib/i386-linux-gnu/libdl-2.23.so
b64a5000-b64a6000 r--p 00002000 08:03 2753872    /lib/i386-linux-gnu/libdl-2.23.so
b64a6000-b64a7000 rw-p 00003000 08:03 2753872    /lib/i386-linux-gnu/libdl-2.23.so
b64a7000-b64fa000 r-xp 00000000 08:03 2753918    /lib/i386-linux-gnu/libm-2.23.so
b64fa000-b64fb000 r--p 00052000 08:03 2753918    /lib/i386-linux-gnu/libm-2.23.so
b64fb000-b64fc000 rw-p 00053000 08:03 2753918    /lib/i386-linux-gnu/libm-2.23.so
b64fc000-b6669000 r-xp 00000000 08:03 2492408    /usr/lib/i386-linux-gnu/libstdc++.so.6.0.21
b6669000-b666a000 ---p 0016d000 08:03 2492408    /usr/lib/i386-linux-gnu/libstdc++.so.6.0.21
b666a000-b666f000 r--p 0016d000 08:03 2492408    /usr/lib/i386-linux-gnu/libstdc++.so.6.0.21
b666f000-b6670000 rw-p 00172000 08:03 2492408    /usr/lib/i386-linux-gnu/libstdc++.so.6.0.21
b6670000-b6673000 rw-p 00000000 00:00 0 
b6673000-b6822000 r-xp 00000000 08:03 2753848    /lib/i386-linux-gnu/libc-2.23.so
b6822000-b6823000 ---p 001af000 08:03 2753848    /lib/i386-linux-gnu/libc-2.23.so
b6823000-b6825000 r--p 001af000 08:03 2753848    /lib/i386-linux-gnu/libc-2.23.so
b6825000-b6826000 rw-p 001b1000 08:03 2753848    /lib/i386-linux-gnu/libc-2.23.so
b6826000-b6829000 rw-p 00000000 00:00 0 
b6829000-b682a000 r--s 0000a000 08:03 2885931    /usr/lib/jvm/java-8-openjdk-i386/jre/lib/ext/jaccess.jar
b682a000-b682b000 r--p 00741000 08:03 2500441    /usr/lib/locale/locale-archive
b682b000-b682c000 r--p 009b0000 08:03 2500441    /usr/lib/locale/locale-archive
b682c000-b682d000 rw-p 00000000 00:00 0 
b682d000-b682e000 r--p 00000000 00:00 0 
b682e000-b683c000 r-xp 00000000 08:03 2885977    /usr/lib/jvm/java-8-openjdk-i386/jre/lib/i386/libverify.so
b683c000-b683d000 r--p 0000d000 08:03 2885977    /usr/lib/jvm/java-8-openjdk-i386/jre/lib/i386/libverify.so
b683d000-b683e000 rw-p 0000e000 08:03 2885977    /usr/lib/jvm/java-8-openjdk-i386/jre/lib/i386/libverify.so
b683e000-b730a000 r-xp 00000000 08:03 2885981    /usr/lib/jvm/java-8-openjdk-i386/jre/lib/i386/server/libjvm.so
b730a000-b734f000 r--p 00acb000 08:03 2885981    /usr/lib/jvm/java-8-openjdk-i386/jre/lib/i386/server/libjvm.so
b734f000-b7366000 rw-p 00b10000 08:03 2885981    /usr/lib/jvm/java-8-openjdk-i386/jre/lib/i386/server/libjvm.so
b7366000-b7787000 rw-p 00000000 00:00 0 
b7787000-b7789000 r--p 00000000 00:00 0          [vvar]
b7789000-b778a000 r-xp 00000000 00:00 0          [vdso]
b778a000-b77ac000 r-xp 00000000 08:03 2753820    /lib/i386-linux-gnu/ld-2.23.so
b77ac000-b77ad000 rw-p 00000000 00:00 0 
b77ad000-b77ae000 r--p 00022000 08:03 2753820    /lib/i386-linux-gnu/ld-2.23.so
b77ae000-b77af000 rw-p 00023000 08:03 2753820    /lib/i386-linux-gnu/ld-2.23.so
bfea0000-bfea1000 rwxp 00000000 00:00 0 
bfea4000-bfea7000 ---p 00000000 00:00 0 
bfea8000-bfef4000 rw-p 00000000 00:00 0          [stack]

VM Arguments:
java_command: <unknown>
java_class_path (initial): .
Launcher Type: generic

Environment Variables:
PATH=/home/rodo/bin:/home/rodo/.local/bin:/usr/local/sbin:/usr/local/bin:/usr/sbin:/usr/bin:/sbin:/bin:/usr/games:/usr/local/games:/snap/bin
LD_LIBRARY_PATH=/usr/lib/jvm/java-8-openjdk-i386/jre/lib/i386/server
SHELL=/bin/bash
DISPLAY=:0

Signal Handlers:
SIGSEGV: [libjvm.so+0x8d3660], sa_mask[0]=11111111011111111101111111111110, sa_flags=SA_RESTART|SA_SIGINFO
SIGBUS: [libjvm.so+0x8d3660], sa_mask[0]=11111111011111111101111111111110, sa_flags=SA_RESTART|SA_SIGINFO
SIGFPE: [libjvm.so+0x739c10], sa_mask[0]=11111111011111111101111111111110, sa_flags=SA_RESTART|SA_SIGINFO
SIGPIPE: [libjvm.so+0x739c10], sa_mask[0]=11111111011111111101111111111110, sa_flags=SA_RESTART|SA_SIGINFO
SIGXFSZ: [libjvm.so+0x739c10], sa_mask[0]=11111111011111111101111111111110, sa_flags=SA_RESTART|SA_SIGINFO
SIGILL: [libjvm.so+0x739c10], sa_mask[0]=11111111011111111101111111111110, sa_flags=SA_RESTART|SA_SIGINFO
SIGUSR1: SIG_DFL, sa_mask[0]=00000000000000000000000000000000, sa_flags=none
SIGUSR2: [libjvm.so+0x739a50], sa_mask[0]=00000000000000000000000000000000, sa_flags=SA_RESTART|SA_SIGINFO
SIGHUP: [libjvm.so+0x73a1e0], sa_mask[0]=11111111011111111101111111111110, sa_flags=SA_RESTART|SA_SIGINFO
SIGINT: [libjvm.so+0x73a1e0], sa_mask[0]=11111111011111111101111111111110, sa_flags=SA_RESTART|SA_SIGINFO
SIGTERM: [libjvm.so+0x73a1e0], sa_mask[0]=11111111011111111101111111111110, sa_flags=SA_RESTART|SA_SIGINFO
SIGQUIT: [libjvm.so+0x73a1e0], sa_mask[0]=11111111011111111101111111111110, sa_flags=SA_RESTART|SA_SIGINFO


---------------  S Y S T E M  ---------------

OS:DISTRIB_ID=Ubuntu
DISTRIB_RELEASE=16.04
DISTRIB_CODENAME=xenial
DISTRIB_DESCRIPTION="Ubuntu 16.04.1 LTS"

uname:Linux 4.4.0-47-generic #68-Ubuntu SMP Wed Oct 26 19:39:59 UTC 2016 i686
libc:glibc 2.23 NPTL 2.23 
rlimit: STACK 8192k, CORE 0k, NPROC 30947, NOFILE 65536, AS infinity
load average:0.08 0.19 0.27

/proc/meminfo:
MemTotal:        3996992 kB
MemFree:         1458400 kB
MemAvailable:    2019384 kB
Buffers:          116976 kB
Cached:           984392 kB
SwapCached:            0 kB
Active:          1735572 kB
Inactive:         657736 kB
Active(anon):    1294644 kB
Inactive(anon):   226772 kB
Active(file):     440928 kB
Inactive(file):   430964 kB
Unevictable:          48 kB
Mlocked:              48 kB
HighTotal:       3147012 kB
HighFree:        1086844 kB
LowTotal:         849980 kB
LowFree:          371556 kB
SwapTotal:       3998716 kB
SwapFree:        3998716 kB
Dirty:               144 kB
Writeback:             0 kB
AnonPages:       1292188 kB
Mapped:           426224 kB
Shmem:            229484 kB
Slab:              89312 kB
SReclaimable:      62440 kB
SUnreclaim:        26872 kB
KernelStack:        5360 kB
PageTables:        19288 kB
NFS_Unstable:          0 kB
Bounce:                0 kB
WritebackTmp:          0 kB
CommitLimit:     5997212 kB
Committed_AS:    6652712 kB
VmallocTotal:     122880 kB
VmallocUsed:           0 kB
VmallocChunk:          0 kB
AnonHugePages:    581632 kB
CmaTotal:              0 kB
CmaFree:               0 kB
HugePages_Total:       0
HugePages_Free:        0
HugePages_Rsvd:        0
HugePages_Surp:        0
Hugepagesize:       2048 kB
DirectMap4k:       30712 kB
DirectMap2M:      880640 kB


CPU:total 4 (2 cores per cpu, 2 threads per core) family 6 model 42 stepping 7, cmov, cx8, fxsr, mmx, sse, sse2, sse3, ssse3, sse4.1, sse4.2, popcnt, avx, clmul, ht, tsc, tscinvbit

/proc/cpuinfo:
processor	: 0
vendor_id	: GenuineIntel
cpu family	: 6
model		: 42
model name	: Intel(R) Core(TM) i3-2348M CPU @ 2.30GHz
stepping	: 7
microcode	: 0x28
cpu MHz		: 1698.496
cache size	: 3072 KB
physical id	: 0
siblings	: 4
core id		: 0
cpu cores	: 2
apicid		: 0
initial apicid	: 0
fdiv_bug	: no
f00f_bug	: no
coma_bug	: no
fpu		: yes
fpu_exception	: yes
cpuid level	: 13
wp		: yes
flags		: fpu vme de pse tsc msr pae mce cx8 apic sep mtrr pge mca cmov pat pse36 clflush dts acpi mmx fxsr sse sse2 ss ht tm pbe nx rdtscp lm constant_tsc arch_perfmon pebs bts xtopology nonstop_tsc aperfmperf eagerfpu pni pclmulqdq dtes64 monitor ds_cpl vmx est tm2 ssse3 cx16 xtpr pdcm pcid sse4_1 sse4_2 x2apic popcnt tsc_deadline_timer xsave avx lahf_lm epb tpr_shadow vnmi flexpriority ept vpid xsaveopt dtherm arat pln pts
bugs		:
bogomips	: 4589.49
clflush size	: 64
cache_alignment	: 64
address sizes	: 36 bits physical, 48 bits virtual
power management:

processor	: 1
vendor_id	: GenuineIntel
cpu family	: 6
model		: 42
model name	: Intel(R) Core(TM) i3-2348M CPU @ 2.30GHz
stepping	: 7
microcode	: 0x28
cpu MHz		: 1699.214
cache size	: 3072 KB
physical id	: 0
siblings	: 4
core id		: 0
cpu cores	: 2
apicid		: 1
initial apicid	: 1
fdiv_bug	: no
f00f_bug	: no
coma_bug	: no
fpu		: yes
fpu_exception	: yes
cpuid level	: 13
wp		: yes
flags		: fpu vme de pse tsc msr pae mce cx8 apic sep mtrr pge mca cmov pat pse36 clflush dts acpi mmx fxsr sse sse2 ss ht tm pbe nx rdtscp lm constant_tsc arch_perfmon pebs bts xtopology nonstop_tsc aperfmperf eagerfpu pni pclmulqdq dtes64 monitor ds_cpl vmx est tm2 ssse3 cx16 xtpr pdcm pcid sse4_1 sse4_2 x2apic popcnt tsc_deadline_timer xsave avx lahf_lm epb tpr_shadow vnmi flexpriority ept vpid xsaveopt dtherm arat pln pts
bugs		:
bogomips	: 4589.49
clflush size	: 64
cache_alignment	: 64
address sizes	: 36 bits physical, 48 bits virtual
power management:

processor	: 2
vendor_id	: GenuineIntel
cpu family	: 6
model		: 42
model name	: Intel(R) Core(TM) i3-2348M CPU @ 2.30GHz
stepping	: 7
microcode	: 0x28
cpu MHz		: 1699.753
cache size	: 3072 KB
physical id	: 0
siblings	: 4
core id		: 1
cpu cores	: 2
apicid		: 2
initial apicid	: 2
fdiv_bug	: no
f00f_bug	: no
coma_bug	: no
fpu		: yes
fpu_exception	: yes
cpuid level	: 13
wp		: yes
flags		: fpu vme de pse tsc msr pae mce cx8 apic sep mtrr pge mca cmov pat pse36 clflush dts acpi mmx fxsr sse sse2 ss ht tm pbe nx rdtscp lm constant_tsc arch_perfmon pebs bts xtopology nonstop_tsc aperfmperf eagerfpu pni pclmulqdq dtes64 monitor ds_cpl vmx est tm2 ssse3 cx16 xtpr pdcm pcid sse4_1 sse4_2 x2apic popcnt tsc_deadline_timer xsave avx lahf_lm epb tpr_shadow vnmi flexpriority ept vpid xsaveopt dtherm arat pln pts
bugs		:
bogomips	: 4589.49
clflush size	: 64
cache_alignment	: 64
address sizes	: 36 bits physical, 48 bits virtual
power management:

processor	: 3
vendor_id	: GenuineIntel
cpu family	: 6
model		: 42
model name	: Intel(R) Core(TM) i3-2348M CPU @ 2.30GHz
stepping	: 7
microcode	: 0x28
cpu MHz		: 903.199
cache size	: 3072 KB
physical id	: 0
siblings	: 4
core id		: 1
cpu cores	: 2
apicid		: 3
initial apicid	: 3
fdiv_bug	: no
f00f_bug	: no
coma_bug	: no
fpu		: yes
fpu_exception	: yes
cpuid level	: 13
wp		: yes
flags		: fpu vme de pse tsc msr pae mce cx8 apic sep mtrr pge mca cmov pat pse36 clflush dts acpi mmx fxsr sse sse2 ss ht tm pbe nx rdtscp lm constant_tsc arch_perfmon pebs bts xtopology nonstop_tsc aperfmperf eagerfpu pni pclmulqdq dtes64 monitor ds_cpl vmx est tm2 ssse3 cx16 xtpr pdcm pcid sse4_1 sse4_2 x2apic popcnt tsc_deadline_timer xsave avx lahf_lm epb tpr_shadow vnmi flexpriority ept vpid xsaveopt dtherm arat pln pts
bugs		:
bogomips	: 4589.49
clflush size	: 64
cache_alignment	: 64
address sizes	: 36 bits physical, 48 bits virtual
power management:



Memory: 4k page, physical 3996992k(1458400k free), swap 3998716k(3998716k free)

vm_info: OpenJDK Server VM (25.111-b14) for linux-x86 JRE (1.8.0_111-8u111-b14-2ubuntu0.16.04.2-b14), built on Oct 27 2016 18:24:51 by "buildd" with gcc 5.4.0 20160609

time: Fri Jan  6 13:13:14 2017
elapsed time: 0 seconds (0d 0h 0m 0s)

