#
# A fatal error has been detected by the Java Runtime Environment:
#
#  SIGSEGV (0xb) at pc=0xb6d61c82, pid=3871, tid=0xb645f700
#
# JRE version: OpenJDK Runtime Environment (8.0_111-b14) (build 1.8.0_111-8u111-b14-2ubuntu0.16.04.2-b14)
# Java VM: OpenJDK Server VM (25.111-b14 mixed mode linux-x86 )
# Problematic frame:
# V  [libjvm.so+0x52ac82]
#
# Failed to write core dump. Core dumps have been disabled. To enable core dumping, try "ulimit -c unlimited" before starting Java again
#
# If you would like to submit a bug report, please visit:
#   http://bugreport.java.com/bugreport/crash.jsp
#

---------------  T H R E A D  ---------------

Current thread is native thread

siginfo: si_signo: 11 (SIGSEGV), si_code: 1 (SEGV_MAPERR), si_addr: 0x00000168

Registers:
EAX=0x00000000, EBX=0xb7348000, ECX=0xb681e000, EDX=0x08eca52c
ESP=0xbf851370, EBP=0xbf851378, ESI=0x00000000, EDI=0x08eca52c
EIP=0xb6d61c82, EFLAGS=0x00010296, CR2=0x00000168

Top of Stack: (sp=0xbf851370)
0xbf851370:   b7348000 08eca400 bf8513d8 b6d64d32
0xbf851380:   08eca400 000000ec 08ec9be0 330d9300
0xbf851390:   b7348000 b681e000 b70b57cb b7348000
0xbf8513a0:   00000000 08eca400 bf8513e8 b6d61fc2
0xbf8513b0:   b66d6cc7 b681e000 0000001b 330d9300
0xbf8513c0:   00010008 b716cdaa b6d64ceb 00000000
0xbf8513d0:   b681e000 b681e000 bf851408 08048a41
0xbf8513e0:   08eca52c 00000020 bf851408 080488f7 

Instructions: (pc=0xb6d61c82)
0xb6d61c62:   65 f4 5b 5e 5f 5d c3 8d b4 26 00 00 00 00 55 89
0xb6d61c72:   e5 56 53 e8 56 9c bc ff 81 c3 86 63 5e 00 89 c6
0xb6d61c82:   c7 80 68 01 00 00 05 00 00 00 8d 83 a4 1e 02 00
0xb6d61c92:   83 38 01 74 59 8d 83 e2 e8 01 00 80 38 00 75 6e 

Register to memory mapping:

EAX=0x00000000 is an unknown value
EBX=0xb7348000: <offset 0xb11000> in /usr/lib/jvm/java-8-openjdk-i386/jre/lib/i386/server/libjvm.so at 0xb6837000
ECX=0xb681e000: <offset 0x1b2000> in /lib/i386-linux-gnu/libc.so.6 at 0xb666c000
EDX=0x08eca52c is an unknown value
ESP=0xbf851370 is an unknown value
EBP=0xbf851378 is an unknown value
ESI=0x00000000 is an unknown value
EDI=0x08eca52c is an unknown value


Stack: [0xbf804000,0xbf854000],  sp=0xbf851370,  free space=308k
Native frames: (J=compiled Java code, j=interpreted, Vv=VM code, C=native code)
V  [libjvm.so+0x52ac82]
V  [libjvm.so+0x52dd32]
C  [server+0xa41]
C  [server+0xbab]
C  [server+0xd49]


---------------  P R O C E S S  ---------------

VM state:at safepoint (shutting down)

VM Mutex/Monitor currently owned by a thread:  ([mutex/lock_event])
[0x08ec7898] Threads_lock - owner thread: 0x0903ec00

Heap:
 PSYoungGen      total 18432K, used 634K [0x928c0000, 0x93d40000, 0xa6e00000)
  eden space 15872K, 4% used [0x928c0000,0x9295ebc0,0x93840000)
  from space 2560K, 0% used [0x93ac0000,0x93ac0000,0x93d40000)
  to   space 2560K, 0% used [0x93840000,0x93840000,0x93ac0000)
 ParOldGen       total 42496K, used 0K [0x69e00000, 0x6c780000, 0x928c0000)
  object space 42496K, 0% used [0x69e00000,0x69e00000,0x6c780000)
 Metaspace       used 1617K, capacity 2202K, committed 2328K, reserved 4400K

Card table byte_map: [0x69c17000,0x69e00000] byte_map_base: 0x698c8000

Marking Bits: (ParMarkBitMap*) 0xb736d7e0
 Begin Bits: [0x67680000, 0x685c0000)
 End Bits:   [0x685c0000, 0x69500000)

Polling page: 0xb6826000

CodeCache: size=245760Kb used=674Kb max_used=674Kb free=245085Kb
 bounds [0xa73a2000, 0xa75e2000, 0xb63a2000]
 total_blobs=166 nmethods=14 adapters=68
 compilation: enabled

Compilation events (10 events):
Event: 0.109 Thread 0x09065800    9       3       java.lang.AbstractStringBuilder::ensureCapacityInternal (27 bytes)
Event: 0.109 Thread 0x09065800 nmethod 9 0xa74455c8 code [0xa7445720, 0xa7445a58]
Event: 0.110 Thread 0x09065800   11       1       java.lang.ref.Reference::get (5 bytes)
Event: 0.110 Thread 0x09065800 nmethod 11 0xa74453c8 code [0xa74454c0, 0xa7445560]
Event: 0.111 Thread 0x09065800   12       1       java.lang.ThreadLocal::access$400 (5 bytes)
Event: 0.111 Thread 0x09065800 nmethod 12 0xa74451c8 code [0xa74452c0, 0xa7445340]
Event: 0.114 Thread 0x09065800   14       3       java.lang.String::getChars (62 bytes)
Event: 0.115 Thread 0x09065800 nmethod 14 0xa7444b48 code [0xa7444ca0, 0xa7444fb0]
Event: 0.115 Thread 0x09065800   13       3       java.lang.AbstractStringBuilder::append (50 bytes)
Event: 0.116 Thread 0x09065800 nmethod 13 0xa744b288 code [0xa744b400, 0xa744b990]

GC Heap History (0 events):
No events

Deoptimization events (0 events):
No events

Internal exceptions (3 events):
Event: 0.051 Thread 0x08eca400 Exception <a 'java/lang/NoSuchMethodError': Method sun.misc.Unsafe.defineClass(Ljava/lang/String;[BII)Ljava/lang/Class; name or signature does not match> (0x928c6e60) thrown at [/build/openjdk-8-vuCyZK/openjdk-8-8u111-b14/src/hotspot/src/share/vm/prims/jn
Event: 0.051 Thread 0x08eca400 Exception <a 'java/lang/NoSuchMethodError': Method sun.misc.Unsafe.prefetchRead(Ljava/lang/Object;J)V name or signature does not match> (0x928c7130) thrown at [/build/openjdk-8-vuCyZK/openjdk-8-8u111-b14/src/hotspot/src/share/vm/prims/jni.cpp, line 4011]
Event: 0.115 Thread 0x08eca400 Exception <a 'java/lang/NoSuchMethodError': removeCommas> (0x92912690) thrown at [/build/openjdk-8-vuCyZK/openjdk-8-8u111-b14/src/hotspot/src/share/vm/prims/jni.cpp, line 1581]

Events (10 events):
Event: 0.115 loading class java/security/AllPermission done
Event: 0.115 loading class java/security/UnresolvedPermission
Event: 0.115 loading class java/security/UnresolvedPermission done
Event: 0.115 loading class java/security/BasicPermissionCollection
Event: 0.115 loading class java/security/BasicPermissionCollection done
Event: 0.115 loading class java/lang/Shutdown
Event: 0.116 loading class java/lang/Shutdown done
Event: 0.116 loading class java/lang/Shutdown$Lock
Event: 0.116 loading class java/lang/Shutdown$Lock done
Event: 0.116 Thread 0x08eca400 Thread exited: 0x08eca400


Dynamic libraries:
08048000-0804a000 r-xp 00000000 08:06 5374264    /home/rodo/Desktop/tech/sockets/server
0804a000-0804b000 r--p 00001000 08:06 5374264    /home/rodo/Desktop/tech/sockets/server
0804b000-0804c000 rw-p 00002000 08:06 5374264    /home/rodo/Desktop/tech/sockets/server
08ebe000-090e9000 rw-p 00000000 00:00 0          [heap]
662cb000-662cc000 ---p 00000000 00:00 0 
662cc000-6634c000 rw-p 00000000 00:00 0 
6634c000-6634f000 ---p 00000000 00:00 0 
6634f000-663cd000 rw-p 00000000 00:00 0 
663cd000-663d0000 ---p 00000000 00:00 0 
663d0000-6644e000 rw-p 00000000 00:00 0 
6644e000-66451000 ---p 00000000 00:00 0 
66451000-664cf000 rw-p 00000000 00:00 0 
664cf000-66600000 r--p 00744000 08:03 2500441    /usr/lib/locale/locale-archive
66600000-66800000 r--p 00000000 08:03 2500441    /usr/lib/locale/locale-archive
66800000-6685e000 rw-p 00000000 00:00 0 
6685e000-66900000 ---p 00000000 00:00 0 
66900000-66921000 rw-p 00000000 00:00 0 
66921000-66a00000 ---p 00000000 00:00 0 
66a0d000-66a10000 ---p 00000000 00:00 0 
66a10000-66a5e000 rw-p 00000000 00:00 0 
66a5e000-66a61000 ---p 00000000 00:00 0 
66a61000-66aaf000 rw-p 00000000 00:00 0 
66aaf000-66ab2000 ---p 00000000 00:00 0 
66ab2000-66b00000 rw-p 00000000 00:00 0 
66b00000-66b21000 rw-p 00000000 00:00 0 
66b21000-66c00000 ---p 00000000 00:00 0 
66c15000-66c16000 ---p 00000000 00:00 0 
66c16000-66c96000 rw-p 00000000 00:00 0 
66c96000-66e64000 r--s 03bf1000 08:03 2885947    /usr/lib/jvm/java-8-openjdk-i386/jre/lib/rt.jar
66e64000-670aa000 rw-p 00000000 00:00 0 
670aa000-672b0000 ---p 00000000 00:00 0 
672b0000-69500000 rw-p 00000000 00:00 0 
69500000-69521000 rw-p 00000000 00:00 0 
69521000-69600000 ---p 00000000 00:00 0 
6962e000-69631000 ---p 00000000 00:00 0 
69631000-6967f000 rw-p 00000000 00:00 0 
6967f000-69680000 ---p 00000000 00:00 0 
69680000-69700000 rw-p 00000000 00:00 0 
69700000-69721000 rw-p 00000000 00:00 0 
69721000-69800000 ---p 00000000 00:00 0 
69817000-69832000 r--s 00394000 08:03 2885927    /usr/lib/jvm/java-8-openjdk-i386/jre/lib/ext/cldrdata.jar
69832000-6987f000 rw-p 00000000 00:00 0 
6987f000-69880000 ---p 00000000 00:00 0 
69880000-69900000 rw-p 00000000 00:00 0 
69900000-69921000 rw-p 00000000 00:00 0 
69921000-69a00000 ---p 00000000 00:00 0 
69a09000-69a24000 r--s 001d5000 08:03 2885928    /usr/lib/jvm/java-8-openjdk-i386/jre/lib/ext/nashorn.jar
69a24000-69a7f000 rw-p 00000000 00:00 0 
69a7f000-69a80000 ---p 00000000 00:00 0 
69a80000-69b00000 rw-p 00000000 00:00 0 
69b00000-69b21000 rw-p 00000000 00:00 0 
69b21000-69c00000 ---p 00000000 00:00 0 
69c12000-69c17000 r--s 0003b000 08:03 2885929    /usr/lib/jvm/java-8-openjdk-i386/jre/lib/ext/sunjce_provider.jar
69c17000-69c2c000 rw-p 00000000 00:00 0 
69c2c000-69d5c000 ---p 00000000 00:00 0 
69d5c000-69d67000 rw-p 00000000 00:00 0 
69d67000-69dff000 ---p 00000000 00:00 0 
69dff000-6c780000 rw-p 00000000 00:00 0 
6c780000-928c0000 ---p 00000000 00:00 0 
928c0000-93d40000 rw-p 00000000 00:00 0 
93d40000-a6e00000 ---p 00000000 00:00 0 
a6e04000-a6e1b000 rw-p 00000000 00:00 0 
a6e1b000-a6e1c000 ---p 00000000 00:00 0 
a6e1c000-a6eb1000 rw-p 00000000 00:00 0 
a6eb1000-a6fe2000 ---p 00000000 00:00 0 
a6fe2000-a6feb000 rw-p 00000000 00:00 0 
a6feb000-a73a2000 ---p 00000000 00:00 0 
a73a2000-a75e2000 rwxp 00000000 00:00 0 
a75e2000-b63a2000 ---p 00000000 00:00 0 
b63a2000-b63bb000 r-xp 00000000 08:03 2754037    /lib/i386-linux-gnu/libz.so.1.2.8
b63bb000-b63bc000 r--p 00018000 08:03 2754037    /lib/i386-linux-gnu/libz.so.1.2.8
b63bc000-b63bd000 rw-p 00019000 08:03 2754037    /lib/i386-linux-gnu/libz.so.1.2.8
b63bf000-b63c3000 r--s 00037000 08:03 2885930    /usr/lib/jvm/java-8-openjdk-i386/jre/lib/ext/sunpkcs11.jar
b63c3000-b63cd000 r--s 00116000 08:03 2885933    /usr/lib/jvm/java-8-openjdk-i386/jre/lib/ext/localedata.jar
b63cd000-b63d0000 r--s 0000f000 08:03 2885935    /usr/lib/jvm/java-8-openjdk-i386/jre/lib/ext/icedtea-sound.jar
b63d0000-b63d2000 r--s 00008000 08:03 2885932    /usr/lib/jvm/java-8-openjdk-i386/jre/lib/ext/sunec.jar
b63d2000-b63dd000 r-xp 00000000 08:03 2753945    /lib/i386-linux-gnu/libnss_files-2.23.so
b63dd000-b63de000 r--p 0000a000 08:03 2753945    /lib/i386-linux-gnu/libnss_files-2.23.so
b63de000-b63df000 rw-p 0000b000 08:03 2753945    /lib/i386-linux-gnu/libnss_files-2.23.so
b63df000-b63e5000 rw-p 00000000 00:00 0 
b63e5000-b63f0000 r-xp 00000000 08:03 2753955    /lib/i386-linux-gnu/libnss_nis-2.23.so
b63f0000-b63f1000 r--p 0000a000 08:03 2753955    /lib/i386-linux-gnu/libnss_nis-2.23.so
b63f1000-b63f2000 rw-p 0000b000 08:03 2753955    /lib/i386-linux-gnu/libnss_nis-2.23.so
b63f2000-b6409000 r-xp 00000000 08:03 2753939    /lib/i386-linux-gnu/libnsl-2.23.so
b6409000-b640a000 r--p 00016000 08:03 2753939    /lib/i386-linux-gnu/libnsl-2.23.so
b640a000-b640b000 rw-p 00017000 08:03 2753939    /lib/i386-linux-gnu/libnsl-2.23.so
b640b000-b640d000 rw-p 00000000 00:00 0 
b640d000-b6415000 r-xp 00000000 08:03 2753941    /lib/i386-linux-gnu/libnss_compat-2.23.so
b6415000-b6416000 r--p 00007000 08:03 2753941    /lib/i386-linux-gnu/libnss_compat-2.23.so
b6416000-b6417000 rw-p 00008000 08:03 2753941    /lib/i386-linux-gnu/libnss_compat-2.23.so
b6417000-b6418000 r--s 00010000 08:03 2885934    /usr/lib/jvm/java-8-openjdk-i386/jre/lib/ext/zipfs.jar
b6418000-b641a000 r--s 00001000 08:03 2885936    /usr/lib/jvm/java-8-openjdk-i386/jre/lib/ext/dnsns.jar
b641a000-b6422000 r-xp 00000000 08:03 2885979    /usr/lib/jvm/java-8-openjdk-i386/jre/lib/i386/libzip.so
b6422000-b6423000 r--p 00007000 08:03 2885979    /usr/lib/jvm/java-8-openjdk-i386/jre/lib/i386/libzip.so
b6423000-b6424000 rw-p 00008000 08:03 2885979    /usr/lib/jvm/java-8-openjdk-i386/jre/lib/i386/libzip.so
b6424000-b642c000 rw-s 00000000 08:03 404029     /tmp/hsperfdata_rodo/3871 (deleted)
b642c000-b6453000 r-xp 00000000 08:03 2885972    /usr/lib/jvm/java-8-openjdk-i386/jre/lib/i386/libjava.so
b6453000-b6454000 r--p 00026000 08:03 2885972    /usr/lib/jvm/java-8-openjdk-i386/jre/lib/i386/libjava.so
b6454000-b6455000 rw-p 00027000 08:03 2885972    /usr/lib/jvm/java-8-openjdk-i386/jre/lib/i386/libjava.so
b6455000-b645c000 r-xp 00000000 08:03 2754000    /lib/i386-linux-gnu/librt-2.23.so
b645c000-b645d000 r--p 00006000 08:03 2754000    /lib/i386-linux-gnu/librt-2.23.so
b645d000-b645e000 rw-p 00007000 08:03 2754000    /lib/i386-linux-gnu/librt-2.23.so
b645e000-b6461000 rw-p 00000000 00:00 0 
b6461000-b647d000 r-xp 00000000 08:03 2753886    /lib/i386-linux-gnu/libgcc_s.so.1
b647d000-b647e000 rw-p 0001b000 08:03 2753886    /lib/i386-linux-gnu/libgcc_s.so.1
b647e000-b6497000 r-xp 00000000 08:03 2753992    /lib/i386-linux-gnu/libpthread-2.23.so
b6497000-b6498000 r--p 00018000 08:03 2753992    /lib/i386-linux-gnu/libpthread-2.23.so
b6498000-b6499000 rw-p 00019000 08:03 2753992    /lib/i386-linux-gnu/libpthread-2.23.so
b6499000-b649b000 rw-p 00000000 00:00 0 
b649b000-b649e000 r-xp 00000000 08:03 2753872    /lib/i386-linux-gnu/libdl-2.23.so
b649e000-b649f000 r--p 00002000 08:03 2753872    /lib/i386-linux-gnu/libdl-2.23.so
b649f000-b64a0000 rw-p 00003000 08:03 2753872    /lib/i386-linux-gnu/libdl-2.23.so
b64a0000-b64f3000 r-xp 00000000 08:03 2753918    /lib/i386-linux-gnu/libm-2.23.so
b64f3000-b64f4000 r--p 00052000 08:03 2753918    /lib/i386-linux-gnu/libm-2.23.so
b64f4000-b64f5000 rw-p 00053000 08:03 2753918    /lib/i386-linux-gnu/libm-2.23.so
b64f5000-b6662000 r-xp 00000000 08:03 2492408    /usr/lib/i386-linux-gnu/libstdc++.so.6.0.21
b6662000-b6663000 ---p 0016d000 08:03 2492408    /usr/lib/i386-linux-gnu/libstdc++.so.6.0.21
b6663000-b6668000 r--p 0016d000 08:03 2492408    /usr/lib/i386-linux-gnu/libstdc++.so.6.0.21
b6668000-b6669000 rw-p 00172000 08:03 2492408    /usr/lib/i386-linux-gnu/libstdc++.so.6.0.21
b6669000-b666c000 rw-p 00000000 00:00 0 
b666c000-b681b000 r-xp 00000000 08:03 2753848    /lib/i386-linux-gnu/libc-2.23.so
b681b000-b681c000 ---p 001af000 08:03 2753848    /lib/i386-linux-gnu/libc-2.23.so
b681c000-b681e000 r--p 001af000 08:03 2753848    /lib/i386-linux-gnu/libc-2.23.so
b681e000-b681f000 rw-p 001b1000 08:03 2753848    /lib/i386-linux-gnu/libc-2.23.so
b681f000-b6822000 rw-p 00000000 00:00 0 
b6822000-b6823000 r--s 0000a000 08:03 2885931    /usr/lib/jvm/java-8-openjdk-i386/jre/lib/ext/jaccess.jar
b6823000-b6824000 r--p 00741000 08:03 2500441    /usr/lib/locale/locale-archive
b6824000-b6825000 r--p 009b0000 08:03 2500441    /usr/lib/locale/locale-archive
b6825000-b6826000 rw-p 00000000 00:00 0 
b6826000-b6827000 ---p 00000000 00:00 0 
b6827000-b6835000 r-xp 00000000 08:03 2885977    /usr/lib/jvm/java-8-openjdk-i386/jre/lib/i386/libverify.so
b6835000-b6836000 r--p 0000d000 08:03 2885977    /usr/lib/jvm/java-8-openjdk-i386/jre/lib/i386/libverify.so
b6836000-b6837000 rw-p 0000e000 08:03 2885977    /usr/lib/jvm/java-8-openjdk-i386/jre/lib/i386/libverify.so
b6837000-b7303000 r-xp 00000000 08:03 2885981    /usr/lib/jvm/java-8-openjdk-i386/jre/lib/i386/server/libjvm.so
b7303000-b7348000 r--p 00acb000 08:03 2885981    /usr/lib/jvm/java-8-openjdk-i386/jre/lib/i386/server/libjvm.so
b7348000-b735f000 rw-p 00b10000 08:03 2885981    /usr/lib/jvm/java-8-openjdk-i386/jre/lib/i386/server/libjvm.so
b735f000-b7780000 rw-p 00000000 00:00 0 
b7780000-b7782000 r--p 00000000 00:00 0          [vvar]
b7782000-b7783000 r-xp 00000000 00:00 0          [vdso]
b7783000-b77a5000 r-xp 00000000 08:03 2753820    /lib/i386-linux-gnu/ld-2.23.so
b77a5000-b77a6000 rw-p 00000000 00:00 0 
b77a6000-b77a7000 r--p 00022000 08:03 2753820    /lib/i386-linux-gnu/ld-2.23.so
b77a7000-b77a8000 rw-p 00023000 08:03 2753820    /lib/i386-linux-gnu/ld-2.23.so
bf800000-bf801000 rwxp 00000000 00:00 0 
bf808000-bf854000 rw-p 00000000 00:00 0          [stack]

VM Arguments:
java_command: <unknown>
java_class_path (initial): .
Launcher Type: generic

Environment Variables:
PATH=/home/rodo/bin:/home/rodo/.local/bin:/usr/local/sbin:/usr/local/bin:/usr/sbin:/usr/bin:/sbin:/bin:/usr/games:/usr/local/games:/snap/bin
LD_LIBRARY_PATH=/usr/lib/jvm/java-8-openjdk-i386/jre/lib/i386/server
SHELL=/bin/bash
DISPLAY=:0

Signal Handlers:
SIGSEGV: [libjvm.so+0x8d3660], sa_mask[0]=11111111011111111101111111111110, sa_flags=SA_RESTART|SA_SIGINFO
SIGBUS: [libjvm.so+0x8d3660], sa_mask[0]=11111111011111111101111111111110, sa_flags=SA_RESTART|SA_SIGINFO
SIGFPE: [libjvm.so+0x739c10], sa_mask[0]=11111111011111111101111111111110, sa_flags=SA_RESTART|SA_SIGINFO
SIGPIPE: [libjvm.so+0x739c10], sa_mask[0]=11111111011111111101111111111110, sa_flags=SA_RESTART|SA_SIGINFO
SIGXFSZ: [libjvm.so+0x739c10], sa_mask[0]=11111111011111111101111111111110, sa_flags=SA_RESTART|SA_SIGINFO
SIGILL: [libjvm.so+0x739c10], sa_mask[0]=11111111011111111101111111111110, sa_flags=SA_RESTART|SA_SIGINFO
SIGUSR1: SIG_DFL, sa_mask[0]=00000000000000000000000000000000, sa_flags=none
SIGUSR2: [libjvm.so+0x739a50], sa_mask[0]=00000000000000000000000000000000, sa_flags=SA_RESTART|SA_SIGINFO
SIGHUP: [libjvm.so+0x73a1e0], sa_mask[0]=11111111011111111101111111111110, sa_flags=SA_RESTART|SA_SIGINFO
SIGINT: [libjvm.so+0x73a1e0], sa_mask[0]=11111111011111111101111111111110, sa_flags=SA_RESTART|SA_SIGINFO
SIGTERM: [libjvm.so+0x73a1e0], sa_mask[0]=11111111011111111101111111111110, sa_flags=SA_RESTART|SA_SIGINFO
SIGQUIT: [libjvm.so+0x73a1e0], sa_mask[0]=11111111011111111101111111111110, sa_flags=SA_RESTART|SA_SIGINFO


---------------  S Y S T E M  ---------------

OS:DISTRIB_ID=Ubuntu
DISTRIB_RELEASE=16.04
DISTRIB_CODENAME=xenial
DISTRIB_DESCRIPTION="Ubuntu 16.04.1 LTS"

uname:Linux 4.4.0-47-generic #68-Ubuntu SMP Wed Oct 26 19:39:59 UTC 2016 i686
libc:glibc 2.23 NPTL 2.23 
rlimit: STACK 8192k, CORE 0k, NPROC 30947, NOFILE 65536, AS infinity
load average:0.31 0.33 0.35

/proc/meminfo:
MemTotal:        3996992 kB
MemFree:         1377544 kB
MemAvailable:    1936348 kB
Buffers:          115456 kB
Cached:           996956 kB
SwapCached:            0 kB
Active:          1802140 kB
Inactive:         670848 kB
Active(anon):    1363284 kB
Inactive(anon):   239876 kB
Active(file):     438856 kB
Inactive(file):   430972 kB
Unevictable:          48 kB
Mlocked:              48 kB
HighTotal:       3147012 kB
HighFree:        1011292 kB
LowTotal:         849980 kB
LowFree:          366252 kB
SwapTotal:       3998716 kB
SwapFree:        3998716 kB
Dirty:               164 kB
Writeback:             0 kB
AnonPages:       1360712 kB
Mapped:           436848 kB
Shmem:            242592 kB
Slab:              88816 kB
SReclaimable:      62204 kB
SUnreclaim:        26612 kB
KernelStack:        5576 kB
PageTables:        20248 kB
NFS_Unstable:          0 kB
Bounce:                0 kB
WritebackTmp:          0 kB
CommitLimit:     5997212 kB
Committed_AS:    6887884 kB
VmallocTotal:     122880 kB
VmallocUsed:           0 kB
VmallocChunk:          0 kB
AnonHugePages:    581632 kB
CmaTotal:              0 kB
CmaFree:               0 kB
HugePages_Total:       0
HugePages_Free:        0
HugePages_Rsvd:        0
HugePages_Surp:        0
Hugepagesize:       2048 kB
DirectMap4k:       30712 kB
DirectMap2M:      880640 kB


CPU:total 4 (2 cores per cpu, 2 threads per core) family 6 model 42 stepping 7, cmov, cx8, fxsr, mmx, sse, sse2, sse3, ssse3, sse4.1, sse4.2, popcnt, avx, clmul, ht, tsc, tscinvbit

/proc/cpuinfo:
processor	: 0
vendor_id	: GenuineIntel
cpu family	: 6
model		: 42
model name	: Intel(R) Core(TM) i3-2348M CPU @ 2.30GHz
stepping	: 7
microcode	: 0x28
cpu MHz		: 2107.644
cache size	: 3072 KB
physical id	: 0
siblings	: 4
core id		: 0
cpu cores	: 2
apicid		: 0
initial apicid	: 0
fdiv_bug	: no
f00f_bug	: no
coma_bug	: no
fpu		: yes
fpu_exception	: yes
cpuid level	: 13
wp		: yes
flags		: fpu vme de pse tsc msr pae mce cx8 apic sep mtrr pge mca cmov pat pse36 clflush dts acpi mmx fxsr sse sse2 ss ht tm pbe nx rdtscp lm constant_tsc arch_perfmon pebs bts xtopology nonstop_tsc aperfmperf eagerfpu pni pclmulqdq dtes64 monitor ds_cpl vmx est tm2 ssse3 cx16 xtpr pdcm pcid sse4_1 sse4_2 x2apic popcnt tsc_deadline_timer xsave avx lahf_lm epb tpr_shadow vnmi flexpriority ept vpid xsaveopt dtherm arat pln pts
bugs		:
bogomips	: 4589.49
clflush size	: 64
cache_alignment	: 64
address sizes	: 36 bits physical, 48 bits virtual
power management:

processor	: 1
vendor_id	: GenuineIntel
cpu family	: 6
model		: 42
model name	: Intel(R) Core(TM) i3-2348M CPU @ 2.30GHz
stepping	: 7
microcode	: 0x28
cpu MHz		: 2112.945
cache size	: 3072 KB
physical id	: 0
siblings	: 4
core id		: 0
cpu cores	: 2
apicid		: 1
initial apicid	: 1
fdiv_bug	: no
f00f_bug	: no
coma_bug	: no
fpu		: yes
fpu_exception	: yes
cpuid level	: 13
wp		: yes
flags		: fpu vme de pse tsc msr pae mce cx8 apic sep mtrr pge mca cmov pat pse36 clflush dts acpi mmx fxsr sse sse2 ss ht tm pbe nx rdtscp lm constant_tsc arch_perfmon pebs bts xtopology nonstop_tsc aperfmperf eagerfpu pni pclmulqdq dtes64 monitor ds_cpl vmx est tm2 ssse3 cx16 xtpr pdcm pcid sse4_1 sse4_2 x2apic popcnt tsc_deadline_timer xsave avx lahf_lm epb tpr_shadow vnmi flexpriority ept vpid xsaveopt dtherm arat pln pts
bugs		:
bogomips	: 4589.49
clflush size	: 64
cache_alignment	: 64
address sizes	: 36 bits physical, 48 bits virtual
power management:

processor	: 2
vendor_id	: GenuineIntel
cpu family	: 6
model		: 42
model name	: Intel(R) Core(TM) i3-2348M CPU @ 2.30GHz
stepping	: 7
microcode	: 0x28
cpu MHz		: 1899.117
cache size	: 3072 KB
physical id	: 0
siblings	: 4
core id		: 1
cpu cores	: 2
apicid		: 2
initial apicid	: 2
fdiv_bug	: no
f00f_bug	: no
coma_bug	: no
fpu		: yes
fpu_exception	: yes
cpuid level	: 13
wp		: yes
flags		: fpu vme de pse tsc msr pae mce cx8 apic sep mtrr pge mca cmov pat pse36 clflush dts acpi mmx fxsr sse sse2 ss ht tm pbe nx rdtscp lm constant_tsc arch_perfmon pebs bts xtopology nonstop_tsc aperfmperf eagerfpu pni pclmulqdq dtes64 monitor ds_cpl vmx est tm2 ssse3 cx16 xtpr pdcm pcid sse4_1 sse4_2 x2apic popcnt tsc_deadline_timer xsave avx lahf_lm epb tpr_shadow vnmi flexpriority ept vpid xsaveopt dtherm arat pln pts
bugs		:
bogomips	: 4589.49
clflush size	: 64
cache_alignment	: 64
address sizes	: 36 bits physical, 48 bits virtual
power management:

processor	: 3
vendor_id	: GenuineIntel
cpu family	: 6
model		: 42
model name	: Intel(R) Core(TM) i3-2348M CPU @ 2.30GHz
stepping	: 7
microcode	: 0x28
cpu MHz		: 2214.468
cache size	: 3072 KB
physical id	: 0
siblings	: 4
core id		: 1
cpu cores	: 2
apicid		: 3
initial apicid	: 3
fdiv_bug	: no
f00f_bug	: no
coma_bug	: no
fpu		: yes
fpu_exception	: yes
cpuid level	: 13
wp		: yes
flags		: fpu vme de pse tsc msr pae mce cx8 apic sep mtrr pge mca cmov pat pse36 clflush dts acpi mmx fxsr sse sse2 ss ht tm pbe nx rdtscp lm constant_tsc arch_perfmon pebs bts xtopology nonstop_tsc aperfmperf eagerfpu pni pclmulqdq dtes64 monitor ds_cpl vmx est tm2 ssse3 cx16 xtpr pdcm pcid sse4_1 sse4_2 x2apic popcnt tsc_deadline_timer xsave avx lahf_lm epb tpr_shadow vnmi flexpriority ept vpid xsaveopt dtherm arat pln pts
bugs		:
bogomips	: 4589.49
clflush size	: 64
cache_alignment	: 64
address sizes	: 36 bits physical, 48 bits virtual
power management:



Memory: 4k page, physical 3996992k(1377544k free), swap 3998716k(3998716k free)

vm_info: OpenJDK Server VM (25.111-b14) for linux-x86 JRE (1.8.0_111-8u111-b14-2ubuntu0.16.04.2-b14), built on Oct 27 2016 18:24:51 by "buildd" with gcc 5.4.0 20160609

time: Fri Jan  6 13:00:47 2017
elapsed time: 0 seconds (0d 0h 0m 0s)

