#
# A fatal error has been detected by the Java Runtime Environment:
#
#  SIGSEGV (0xb) at pc=0xb6cbcc82, pid=6251, tid=0xb63ba700
#
# JRE version: OpenJDK Runtime Environment (8.0_111-b14) (build 1.8.0_111-8u111-b14-2ubuntu0.16.04.2-b14)
# Java VM: OpenJDK Server VM (25.111-b14 mixed mode linux-x86 )
# Problematic frame:
# V  [libjvm.so+0x52ac82]
#
# Failed to write core dump. Core dumps have been disabled. To enable core dumping, try "ulimit -c unlimited" before starting Java again
#
# If you would like to submit a bug report, please visit:
#   http://bugreport.java.com/bugreport/crash.jsp
#

---------------  T H R E A D  ---------------

Current thread is native thread

siginfo: si_signo: 11 (SIGSEGV), si_code: 1 (SEGV_MAPERR), si_addr: 0x00000168

Registers:
EAX=0x00000000, EBX=0xb72a3000, ECX=0xffffffff, EDX=0x09fad52c
ESP=0xbfd89ad0, EBP=0xbfd89ad8, ESI=0x00000000, EDI=0x09fad400
EIP=0xb6cbcc82, EFLAGS=0x00010296, CR2=0x00000168

Top of Stack: (sp=0xbfd89ad0)
0xbfd89ad0:   b72a3000 09fad52c bfd89b38 b6cbee78
0xbfd89ae0:   09fad400 09fa5fd8 00000001 b663129c
0xbfd89af0:   b6779000 b6779d60 b677a870 bfd89b8c
0xbfd89b00:   b6779d60 0000000a 00000000 b6779000
0xbfd89b10:   b6631cc7 b6779000 00000017 14ba9800
0xbfd89b20:   b6779d60 0000000a b6cbee2b 00000000
0xbfd89b30:   b6779000 b6779000 bfd89b68 08048a42
0xbfd89b40:   09fad52c bfd89b8c b6626b8b 00000000 

Instructions: (pc=0xb6cbcc82)
0xb6cbcc62:   65 f4 5b 5e 5f 5d c3 8d b4 26 00 00 00 00 55 89
0xb6cbcc72:   e5 56 53 e8 56 9c bc ff 81 c3 86 63 5e 00 89 c6
0xb6cbcc82:   c7 80 68 01 00 00 05 00 00 00 8d 83 a4 1e 02 00
0xb6cbcc92:   83 38 01 74 59 8d 83 e2 e8 01 00 80 38 00 75 6e 

Register to memory mapping:

EAX=0x00000000 is an unknown value
EBX=0xb72a3000: <offset 0xb11000> in /usr/lib/jvm/java-8-openjdk-i386/jre/lib/i386/server/libjvm.so at 0xb6792000
ECX=0xffffffff is an unknown value
EDX=0x09fad52c is an unknown value
ESP=0xbfd89ad0 is an unknown value
EBP=0xbfd89ad8 is an unknown value
ESI=0x00000000 is an unknown value
EDI=0x09fad400 is an unknown value


Stack: [0xbfd3c000,0xbfd8c000],  sp=0xbfd89ad0,  free space=310k
Native frames: (J=compiled Java code, j=interpreted, Vv=VM code, C=native code)
V  [libjvm.so+0x52ac82]
V  [libjvm.so+0x52ce78]
C  [server+0xa42]
C  [server+0xb75]
C  [server+0xd18]


---------------  P R O C E S S  ---------------

VM state:at safepoint (shutting down)

VM Mutex/Monitor currently owned by a thread:  ([mutex/lock_event])
[0x09faa898] Threads_lock - owner thread: 0x0a121c00

Heap:
 PSYoungGen      total 18432K, used 634K [0x928c0000, 0x93d40000, 0xa6e00000)
  eden space 15872K, 4% used [0x928c0000,0x9295ebc0,0x93840000)
  from space 2560K, 0% used [0x93ac0000,0x93ac0000,0x93d40000)
  to   space 2560K, 0% used [0x93840000,0x93840000,0x93ac0000)
 ParOldGen       total 42496K, used 0K [0x69e00000, 0x6c780000, 0x928c0000)
  object space 42496K, 0% used [0x69e00000,0x69e00000,0x6c780000)
 Metaspace       used 1649K, capacity 2202K, committed 2328K, reserved 4400K

Card table byte_map: [0x69c17000,0x69e00000] byte_map_base: 0x698c8000

Marking Bits: (ParMarkBitMap*) 0xb72c87e0
 Begin Bits: [0x67680000, 0x685c0000)
 End Bits:   [0x685c0000, 0x69500000)

Polling page: 0xb6781000

CodeCache: size=245760Kb used=674Kb max_used=674Kb free=245085Kb
 bounds [0xa72fd000, 0xa753d000, 0xb62fd000]
 total_blobs=166 nmethods=14 adapters=68
 compilation: enabled

Compilation events (10 events):
Event: 0.107 Thread 0x0a148800    9       3       java.lang.AbstractStringBuilder::ensureCapacityInternal (27 bytes)
Event: 0.108 Thread 0x0a148800 nmethod 9 0xa73a1f48 code [0xa73a20a0, 0xa73a23d8]
Event: 0.108 Thread 0x0a148800   11       1       java.lang.ref.Reference::get (5 bytes)
Event: 0.108 Thread 0x0a148800 nmethod 11 0xa73a1d48 code [0xa73a1e40, 0xa73a1ee0]
Event: 0.109 Thread 0x0a148800   12       1       java.lang.ThreadLocal::access$400 (5 bytes)
Event: 0.109 Thread 0x0a148800 nmethod 12 0xa73a1b48 code [0xa73a1c40, 0xa73a1cc0]
Event: 0.112 Thread 0x0a148800   13       3       java.lang.AbstractStringBuilder::append (50 bytes)
Event: 0.113 Thread 0x0a148800 nmethod 13 0xa73a1148 code [0xa73a12c0, 0xa73a1850]
Event: 0.113 Thread 0x0a148800   14       3       java.lang.String::getChars (62 bytes)
Event: 0.113 Thread 0x0a148800 nmethod 14 0xa73a0ac8 code [0xa73a0c20, 0xa73a0f30]

GC Heap History (0 events):
No events

Deoptimization events (0 events):
No events

Internal exceptions (2 events):
Event: 0.049 Thread 0x09fad400 Exception <a 'java/lang/NoSuchMethodError': Method sun.misc.Unsafe.defineClass(Ljava/lang/String;[BII)Ljava/lang/Class; name or signature does not match> (0x928c6e60) thrown at [/build/openjdk-8-vuCyZK/openjdk-8-8u111-b14/src/hotspot/src/share/vm/prims/jn
Event: 0.049 Thread 0x09fad400 Exception <a 'java/lang/NoSuchMethodError': Method sun.misc.Unsafe.prefetchRead(Ljava/lang/Object;J)V name or signature does not match> (0x928c7130) thrown at [/build/openjdk-8-vuCyZK/openjdk-8-8u111-b14/src/hotspot/src/share/vm/prims/jni.cpp, line 4011]

Events (10 events):
Event: 0.114 loading class java/util/ArrayList$SubList done
Event: 0.115 loading class java/util/ArrayList$SubList$1
Event: 0.115 loading class java/util/ListIterator
Event: 0.115 loading class java/util/ListIterator done
Event: 0.115 loading class java/util/ArrayList$SubList$1 done
Event: 0.115 loading class java/lang/Shutdown
Event: 0.115 loading class java/lang/Shutdown done
Event: 0.115 loading class java/lang/Shutdown$Lock
Event: 0.115 loading class java/lang/Shutdown$Lock done
Event: 0.115 Thread 0x09fad400 Thread exited: 0x09fad400


Dynamic libraries:
08048000-0804a000 r-xp 00000000 08:06 5374264    /home/rodo/Desktop/tech/sockets/server
0804a000-0804b000 r--p 00001000 08:06 5374264    /home/rodo/Desktop/tech/sockets/server
0804b000-0804c000 rw-p 00002000 08:06 5374264    /home/rodo/Desktop/tech/sockets/server
09fa1000-0a1aa000 rw-p 00000000 00:00 0          [heap]
6624c000-6624d000 ---p 00000000 00:00 0 
6624d000-662cd000 rw-p 00000000 00:00 0 
662cd000-662d0000 ---p 00000000 00:00 0 
662d0000-6634e000 rw-p 00000000 00:00 0 
6634e000-66351000 ---p 00000000 00:00 0 
66351000-663cf000 rw-p 00000000 00:00 0 
663cf000-66500000 r--p 00744000 08:03 2500441    /usr/lib/locale/locale-archive
66500000-66700000 r--p 00000000 08:03 2500441    /usr/lib/locale/locale-archive
66700000-6676d000 rw-p 00000000 00:00 0 
6676d000-66800000 ---p 00000000 00:00 0 
6682e000-66831000 ---p 00000000 00:00 0 
66831000-6687f000 rw-p 00000000 00:00 0 
6687f000-66882000 ---p 00000000 00:00 0 
66882000-66900000 rw-p 00000000 00:00 0 
66900000-66921000 rw-p 00000000 00:00 0 
66921000-66a00000 ---p 00000000 00:00 0 
66a0d000-66a10000 ---p 00000000 00:00 0 
66a10000-66a5e000 rw-p 00000000 00:00 0 
66a5e000-66a61000 ---p 00000000 00:00 0 
66a61000-66aaf000 rw-p 00000000 00:00 0 
66aaf000-66ab2000 ---p 00000000 00:00 0 
66ab2000-66b00000 rw-p 00000000 00:00 0 
66b00000-66b21000 rw-p 00000000 00:00 0 
66b21000-66c00000 ---p 00000000 00:00 0 
66c15000-66c16000 ---p 00000000 00:00 0 
66c16000-66c96000 rw-p 00000000 00:00 0 
66c96000-66e64000 r--s 03bf1000 08:03 2885947    /usr/lib/jvm/java-8-openjdk-i386/jre/lib/rt.jar
66e64000-670aa000 rw-p 00000000 00:00 0 
670aa000-672b0000 ---p 00000000 00:00 0 
672b0000-69500000 rw-p 00000000 00:00 0 
69500000-69521000 rw-p 00000000 00:00 0 
69521000-69600000 ---p 00000000 00:00 0 
69609000-69624000 r--s 00394000 08:03 2885927    /usr/lib/jvm/java-8-openjdk-i386/jre/lib/ext/cldrdata.jar
69624000-6967f000 rw-p 00000000 00:00 0 
6967f000-69680000 ---p 00000000 00:00 0 
69680000-69700000 rw-p 00000000 00:00 0 
69700000-69721000 rw-p 00000000 00:00 0 
69721000-69800000 ---p 00000000 00:00 0 
69800000-69821000 rw-p 00000000 00:00 0 
69821000-69900000 ---p 00000000 00:00 0 
69900000-69921000 rw-p 00000000 00:00 0 
69921000-69a00000 ---p 00000000 00:00 0 
69a03000-69a50000 rw-p 00000000 00:00 0 
69a50000-69a51000 ---p 00000000 00:00 0 
69a51000-69ae6000 rw-p 00000000 00:00 0 
69ae6000-69c17000 ---p 00000000 00:00 0 
69c17000-69c2c000 rw-p 00000000 00:00 0 
69c2c000-69d5c000 ---p 00000000 00:00 0 
69d5c000-69d67000 rw-p 00000000 00:00 0 
69d67000-69dff000 ---p 00000000 00:00 0 
69dff000-6c780000 rw-p 00000000 00:00 0 
6c780000-928c0000 ---p 00000000 00:00 0 
928c0000-93d40000 rw-p 00000000 00:00 0 
93d40000-a6e00000 ---p 00000000 00:00 0 
a6e04000-a6e09000 r--s 0003b000 08:03 2885929    /usr/lib/jvm/java-8-openjdk-i386/jre/lib/ext/sunjce_provider.jar
a6e09000-a6e24000 r--s 001d5000 08:03 2885928    /usr/lib/jvm/java-8-openjdk-i386/jre/lib/ext/nashorn.jar
a6e24000-a6e3b000 rw-p 00000000 00:00 0 
a6e3b000-a6e3c000 ---p 00000000 00:00 0 
a6e3c000-a6ebc000 rw-p 00000000 00:00 0 
a6ebc000-a6ebd000 ---p 00000000 00:00 0 
a6ebd000-a6f46000 rw-p 00000000 00:00 0 
a6f46000-a72fd000 ---p 00000000 00:00 0 
a72fd000-a753d000 rwxp 00000000 00:00 0 
a753d000-b62fd000 ---p 00000000 00:00 0 
b62fd000-b6316000 r-xp 00000000 08:03 2754037    /lib/i386-linux-gnu/libz.so.1.2.8
b6316000-b6317000 r--p 00018000 08:03 2754037    /lib/i386-linux-gnu/libz.so.1.2.8
b6317000-b6318000 rw-p 00019000 08:03 2754037    /lib/i386-linux-gnu/libz.so.1.2.8
b631a000-b631e000 r--s 00037000 08:03 2885930    /usr/lib/jvm/java-8-openjdk-i386/jre/lib/ext/sunpkcs11.jar
b631e000-b6328000 r--s 00116000 08:03 2885933    /usr/lib/jvm/java-8-openjdk-i386/jre/lib/ext/localedata.jar
b6328000-b632b000 r--s 0000f000 08:03 2885935    /usr/lib/jvm/java-8-openjdk-i386/jre/lib/ext/icedtea-sound.jar
b632b000-b632d000 r--s 00008000 08:03 2885932    /usr/lib/jvm/java-8-openjdk-i386/jre/lib/ext/sunec.jar
b632d000-b6338000 r-xp 00000000 08:03 2753945    /lib/i386-linux-gnu/libnss_files-2.23.so
b6338000-b6339000 r--p 0000a000 08:03 2753945    /lib/i386-linux-gnu/libnss_files-2.23.so
b6339000-b633a000 rw-p 0000b000 08:03 2753945    /lib/i386-linux-gnu/libnss_files-2.23.so
b633a000-b6340000 rw-p 00000000 00:00 0 
b6340000-b634b000 r-xp 00000000 08:03 2753955    /lib/i386-linux-gnu/libnss_nis-2.23.so
b634b000-b634c000 r--p 0000a000 08:03 2753955    /lib/i386-linux-gnu/libnss_nis-2.23.so
b634c000-b634d000 rw-p 0000b000 08:03 2753955    /lib/i386-linux-gnu/libnss_nis-2.23.so
b634d000-b6364000 r-xp 00000000 08:03 2753939    /lib/i386-linux-gnu/libnsl-2.23.so
b6364000-b6365000 r--p 00016000 08:03 2753939    /lib/i386-linux-gnu/libnsl-2.23.so
b6365000-b6366000 rw-p 00017000 08:03 2753939    /lib/i386-linux-gnu/libnsl-2.23.so
b6366000-b6368000 rw-p 00000000 00:00 0 
b6368000-b6370000 r-xp 00000000 08:03 2753941    /lib/i386-linux-gnu/libnss_compat-2.23.so
b6370000-b6371000 r--p 00007000 08:03 2753941    /lib/i386-linux-gnu/libnss_compat-2.23.so
b6371000-b6372000 rw-p 00008000 08:03 2753941    /lib/i386-linux-gnu/libnss_compat-2.23.so
b6372000-b6373000 r--s 00010000 08:03 2885934    /usr/lib/jvm/java-8-openjdk-i386/jre/lib/ext/zipfs.jar
b6373000-b6375000 r--s 00001000 08:03 2885936    /usr/lib/jvm/java-8-openjdk-i386/jre/lib/ext/dnsns.jar
b6375000-b637d000 r-xp 00000000 08:03 2885979    /usr/lib/jvm/java-8-openjdk-i386/jre/lib/i386/libzip.so
b637d000-b637e000 r--p 00007000 08:03 2885979    /usr/lib/jvm/java-8-openjdk-i386/jre/lib/i386/libzip.so
b637e000-b637f000 rw-p 00008000 08:03 2885979    /usr/lib/jvm/java-8-openjdk-i386/jre/lib/i386/libzip.so
b637f000-b6387000 rw-s 00000000 08:03 404029     /tmp/hsperfdata_rodo/6251 (deleted)
b6387000-b63ae000 r-xp 00000000 08:03 2885972    /usr/lib/jvm/java-8-openjdk-i386/jre/lib/i386/libjava.so
b63ae000-b63af000 r--p 00026000 08:03 2885972    /usr/lib/jvm/java-8-openjdk-i386/jre/lib/i386/libjava.so
b63af000-b63b0000 rw-p 00027000 08:03 2885972    /usr/lib/jvm/java-8-openjdk-i386/jre/lib/i386/libjava.so
b63b0000-b63b7000 r-xp 00000000 08:03 2754000    /lib/i386-linux-gnu/librt-2.23.so
b63b7000-b63b8000 r--p 00006000 08:03 2754000    /lib/i386-linux-gnu/librt-2.23.so
b63b8000-b63b9000 rw-p 00007000 08:03 2754000    /lib/i386-linux-gnu/librt-2.23.so
b63b9000-b63bc000 rw-p 00000000 00:00 0 
b63bc000-b63d8000 r-xp 00000000 08:03 2753886    /lib/i386-linux-gnu/libgcc_s.so.1
b63d8000-b63d9000 rw-p 0001b000 08:03 2753886    /lib/i386-linux-gnu/libgcc_s.so.1
b63d9000-b63f2000 r-xp 00000000 08:03 2753992    /lib/i386-linux-gnu/libpthread-2.23.so
b63f2000-b63f3000 r--p 00018000 08:03 2753992    /lib/i386-linux-gnu/libpthread-2.23.so
b63f3000-b63f4000 rw-p 00019000 08:03 2753992    /lib/i386-linux-gnu/libpthread-2.23.so
b63f4000-b63f6000 rw-p 00000000 00:00 0 
b63f6000-b63f9000 r-xp 00000000 08:03 2753872    /lib/i386-linux-gnu/libdl-2.23.so
b63f9000-b63fa000 r--p 00002000 08:03 2753872    /lib/i386-linux-gnu/libdl-2.23.so
b63fa000-b63fb000 rw-p 00003000 08:03 2753872    /lib/i386-linux-gnu/libdl-2.23.so
b63fb000-b644e000 r-xp 00000000 08:03 2753918    /lib/i386-linux-gnu/libm-2.23.so
b644e000-b644f000 r--p 00052000 08:03 2753918    /lib/i386-linux-gnu/libm-2.23.so
b644f000-b6450000 rw-p 00053000 08:03 2753918    /lib/i386-linux-gnu/libm-2.23.so
b6450000-b65bd000 r-xp 00000000 08:03 2492408    /usr/lib/i386-linux-gnu/libstdc++.so.6.0.21
b65bd000-b65be000 ---p 0016d000 08:03 2492408    /usr/lib/i386-linux-gnu/libstdc++.so.6.0.21
b65be000-b65c3000 r--p 0016d000 08:03 2492408    /usr/lib/i386-linux-gnu/libstdc++.so.6.0.21
b65c3000-b65c4000 rw-p 00172000 08:03 2492408    /usr/lib/i386-linux-gnu/libstdc++.so.6.0.21
b65c4000-b65c7000 rw-p 00000000 00:00 0 
b65c7000-b6776000 r-xp 00000000 08:03 2753848    /lib/i386-linux-gnu/libc-2.23.so
b6776000-b6777000 ---p 001af000 08:03 2753848    /lib/i386-linux-gnu/libc-2.23.so
b6777000-b6779000 r--p 001af000 08:03 2753848    /lib/i386-linux-gnu/libc-2.23.so
b6779000-b677a000 rw-p 001b1000 08:03 2753848    /lib/i386-linux-gnu/libc-2.23.so
b677a000-b677d000 rw-p 00000000 00:00 0 
b677d000-b677e000 r--s 0000a000 08:03 2885931    /usr/lib/jvm/java-8-openjdk-i386/jre/lib/ext/jaccess.jar
b677e000-b677f000 r--p 00741000 08:03 2500441    /usr/lib/locale/locale-archive
b677f000-b6780000 r--p 009b0000 08:03 2500441    /usr/lib/locale/locale-archive
b6780000-b6781000 rw-p 00000000 00:00 0 
b6781000-b6782000 ---p 00000000 00:00 0 
b6782000-b6790000 r-xp 00000000 08:03 2885977    /usr/lib/jvm/java-8-openjdk-i386/jre/lib/i386/libverify.so
b6790000-b6791000 r--p 0000d000 08:03 2885977    /usr/lib/jvm/java-8-openjdk-i386/jre/lib/i386/libverify.so
b6791000-b6792000 rw-p 0000e000 08:03 2885977    /usr/lib/jvm/java-8-openjdk-i386/jre/lib/i386/libverify.so
b6792000-b725e000 r-xp 00000000 08:03 2885981    /usr/lib/jvm/java-8-openjdk-i386/jre/lib/i386/server/libjvm.so
b725e000-b72a3000 r--p 00acb000 08:03 2885981    /usr/lib/jvm/java-8-openjdk-i386/jre/lib/i386/server/libjvm.so
b72a3000-b72ba000 rw-p 00b10000 08:03 2885981    /usr/lib/jvm/java-8-openjdk-i386/jre/lib/i386/server/libjvm.so
b72ba000-b76db000 rw-p 00000000 00:00 0 
b76db000-b76dd000 r--p 00000000 00:00 0          [vvar]
b76dd000-b76de000 r-xp 00000000 00:00 0          [vdso]
b76de000-b7700000 r-xp 00000000 08:03 2753820    /lib/i386-linux-gnu/ld-2.23.so
b7700000-b7701000 rw-p 00000000 00:00 0 
b7701000-b7702000 r--p 00022000 08:03 2753820    /lib/i386-linux-gnu/ld-2.23.so
b7702000-b7703000 rw-p 00023000 08:03 2753820    /lib/i386-linux-gnu/ld-2.23.so
bfd38000-bfd39000 rwxp 00000000 00:00 0 
bfd40000-bfd8c000 rw-p 00000000 00:00 0          [stack]

VM Arguments:
java_command: <unknown>
java_class_path (initial): .
Launcher Type: generic

Environment Variables:
PATH=/home/rodo/bin:/home/rodo/.local/bin:/usr/local/sbin:/usr/local/bin:/usr/sbin:/usr/bin:/sbin:/bin:/usr/games:/usr/local/games:/snap/bin
LD_LIBRARY_PATH=/usr/lib/jvm/java-8-openjdk-i386/jre/lib/i386/server
SHELL=/bin/bash
DISPLAY=:0

Signal Handlers:
SIGSEGV: [libjvm.so+0x8d3660], sa_mask[0]=11111111011111111101111111111110, sa_flags=SA_RESTART|SA_SIGINFO
SIGBUS: [libjvm.so+0x8d3660], sa_mask[0]=11111111011111111101111111111110, sa_flags=SA_RESTART|SA_SIGINFO
SIGFPE: [libjvm.so+0x739c10], sa_mask[0]=11111111011111111101111111111110, sa_flags=SA_RESTART|SA_SIGINFO
SIGPIPE: [libjvm.so+0x739c10], sa_mask[0]=11111111011111111101111111111110, sa_flags=SA_RESTART|SA_SIGINFO
SIGXFSZ: [libjvm.so+0x739c10], sa_mask[0]=11111111011111111101111111111110, sa_flags=SA_RESTART|SA_SIGINFO
SIGILL: [libjvm.so+0x739c10], sa_mask[0]=11111111011111111101111111111110, sa_flags=SA_RESTART|SA_SIGINFO
SIGUSR1: SIG_DFL, sa_mask[0]=00000000000000000000000000000000, sa_flags=none
SIGUSR2: [libjvm.so+0x739a50], sa_mask[0]=00000000000000000000000000000000, sa_flags=SA_RESTART|SA_SIGINFO
SIGHUP: [libjvm.so+0x73a1e0], sa_mask[0]=11111111011111111101111111111110, sa_flags=SA_RESTART|SA_SIGINFO
SIGINT: [libjvm.so+0x73a1e0], sa_mask[0]=11111111011111111101111111111110, sa_flags=SA_RESTART|SA_SIGINFO
SIGTERM: [libjvm.so+0x73a1e0], sa_mask[0]=11111111011111111101111111111110, sa_flags=SA_RESTART|SA_SIGINFO
SIGQUIT: [libjvm.so+0x73a1e0], sa_mask[0]=11111111011111111101111111111110, sa_flags=SA_RESTART|SA_SIGINFO


---------------  S Y S T E M  ---------------

OS:DISTRIB_ID=Ubuntu
DISTRIB_RELEASE=16.04
DISTRIB_CODENAME=xenial
DISTRIB_DESCRIPTION="Ubuntu 16.04.1 LTS"

uname:Linux 4.4.0-47-generic #68-Ubuntu SMP Wed Oct 26 19:39:59 UTC 2016 i686
libc:glibc 2.23 NPTL 2.23 
rlimit: STACK 8192k, CORE 0k, NPROC 30947, NOFILE 65536, AS infinity
load average:0.17 0.20 0.26

/proc/meminfo:
MemTotal:        3996992 kB
MemFree:         1570864 kB
MemAvailable:    2161128 kB
Buffers:          125188 kB
Cached:           969424 kB
SwapCached:            0 kB
Active:          1658856 kB
Inactive:         624240 kB
Active(anon):    1191236 kB
Inactive(anon):   191356 kB
Active(file):     467620 kB
Inactive(file):   432884 kB
Unevictable:          48 kB
Mlocked:              48 kB
HighTotal:       3147012 kB
HighFree:        1205660 kB
LowTotal:         849980 kB
LowFree:          365204 kB
SwapTotal:       3998716 kB
SwapFree:        3998716 kB
Dirty:               104 kB
Writeback:             0 kB
AnonPages:       1188536 kB
Mapped:           399356 kB
Shmem:            194116 kB
Slab:              90008 kB
SReclaimable:      63772 kB
SUnreclaim:        26236 kB
KernelStack:        5144 kB
PageTables:        16312 kB
NFS_Unstable:          0 kB
Bounce:                0 kB
WritebackTmp:          0 kB
CommitLimit:     5997212 kB
Committed_AS:    5924744 kB
VmallocTotal:     122880 kB
VmallocUsed:           0 kB
VmallocChunk:          0 kB
AnonHugePages:    567296 kB
CmaTotal:              0 kB
CmaFree:               0 kB
HugePages_Total:       0
HugePages_Free:        0
HugePages_Rsvd:        0
HugePages_Surp:        0
Hugepagesize:       2048 kB
DirectMap4k:       36856 kB
DirectMap2M:      874496 kB


CPU:total 4 (2 cores per cpu, 2 threads per core) family 6 model 42 stepping 7, cmov, cx8, fxsr, mmx, sse, sse2, sse3, ssse3, sse4.1, sse4.2, popcnt, avx, clmul, ht, tsc, tscinvbit

/proc/cpuinfo:
processor	: 0
vendor_id	: GenuineIntel
cpu family	: 6
model		: 42
model name	: Intel(R) Core(TM) i3-2348M CPU @ 2.30GHz
stepping	: 7
microcode	: 0x28
cpu MHz		: 898.976
cache size	: 3072 KB
physical id	: 0
siblings	: 4
core id		: 0
cpu cores	: 2
apicid		: 0
initial apicid	: 0
fdiv_bug	: no
f00f_bug	: no
coma_bug	: no
fpu		: yes
fpu_exception	: yes
cpuid level	: 13
wp		: yes
flags		: fpu vme de pse tsc msr pae mce cx8 apic sep mtrr pge mca cmov pat pse36 clflush dts acpi mmx fxsr sse sse2 ss ht tm pbe nx rdtscp lm constant_tsc arch_perfmon pebs bts xtopology nonstop_tsc aperfmperf eagerfpu pni pclmulqdq dtes64 monitor ds_cpl vmx est tm2 ssse3 cx16 xtpr pdcm pcid sse4_1 sse4_2 x2apic popcnt tsc_deadline_timer xsave avx lahf_lm epb tpr_shadow vnmi flexpriority ept vpid xsaveopt dtherm arat pln pts
bugs		:
bogomips	: 4589.49
clflush size	: 64
cache_alignment	: 64
address sizes	: 36 bits physical, 48 bits virtual
power management:

processor	: 1
vendor_id	: GenuineIntel
cpu family	: 6
model		: 42
model name	: Intel(R) Core(TM) i3-2348M CPU @ 2.30GHz
stepping	: 7
microcode	: 0x28
cpu MHz		: 899.246
cache size	: 3072 KB
physical id	: 0
siblings	: 4
core id		: 0
cpu cores	: 2
apicid		: 1
initial apicid	: 1
fdiv_bug	: no
f00f_bug	: no
coma_bug	: no
fpu		: yes
fpu_exception	: yes
cpuid level	: 13
wp		: yes
flags		: fpu vme de pse tsc msr pae mce cx8 apic sep mtrr pge mca cmov pat pse36 clflush dts acpi mmx fxsr sse sse2 ss ht tm pbe nx rdtscp lm constant_tsc arch_perfmon pebs bts xtopology nonstop_tsc aperfmperf eagerfpu pni pclmulqdq dtes64 monitor ds_cpl vmx est tm2 ssse3 cx16 xtpr pdcm pcid sse4_1 sse4_2 x2apic popcnt tsc_deadline_timer xsave avx lahf_lm epb tpr_shadow vnmi flexpriority ept vpid xsaveopt dtherm arat pln pts
bugs		:
bogomips	: 4589.49
clflush size	: 64
cache_alignment	: 64
address sizes	: 36 bits physical, 48 bits virtual
power management:

processor	: 2
vendor_id	: GenuineIntel
cpu family	: 6
model		: 42
model name	: Intel(R) Core(TM) i3-2348M CPU @ 2.30GHz
stepping	: 7
microcode	: 0x28
cpu MHz		: 899.515
cache size	: 3072 KB
physical id	: 0
siblings	: 4
core id		: 1
cpu cores	: 2
apicid		: 2
initial apicid	: 2
fdiv_bug	: no
f00f_bug	: no
coma_bug	: no
fpu		: yes
fpu_exception	: yes
cpuid level	: 13
wp		: yes
flags		: fpu vme de pse tsc msr pae mce cx8 apic sep mtrr pge mca cmov pat pse36 clflush dts acpi mmx fxsr sse sse2 ss ht tm pbe nx rdtscp lm constant_tsc arch_perfmon pebs bts xtopology nonstop_tsc aperfmperf eagerfpu pni pclmulqdq dtes64 monitor ds_cpl vmx est tm2 ssse3 cx16 xtpr pdcm pcid sse4_1 sse4_2 x2apic popcnt tsc_deadline_timer xsave avx lahf_lm epb tpr_shadow vnmi flexpriority ept vpid xsaveopt dtherm arat pln pts
bugs		:
bogomips	: 4589.49
clflush size	: 64
cache_alignment	: 64
address sizes	: 36 bits physical, 48 bits virtual
power management:

processor	: 3
vendor_id	: GenuineIntel
cpu family	: 6
model		: 42
model name	: Intel(R) Core(TM) i3-2348M CPU @ 2.30GHz
stepping	: 7
microcode	: 0x28
cpu MHz		: 899.156
cache size	: 3072 KB
physical id	: 0
siblings	: 4
core id		: 1
cpu cores	: 2
apicid		: 3
initial apicid	: 3
fdiv_bug	: no
f00f_bug	: no
coma_bug	: no
fpu		: yes
fpu_exception	: yes
cpuid level	: 13
wp		: yes
flags		: fpu vme de pse tsc msr pae mce cx8 apic sep mtrr pge mca cmov pat pse36 clflush dts acpi mmx fxsr sse sse2 ss ht tm pbe nx rdtscp lm constant_tsc arch_perfmon pebs bts xtopology nonstop_tsc aperfmperf eagerfpu pni pclmulqdq dtes64 monitor ds_cpl vmx est tm2 ssse3 cx16 xtpr pdcm pcid sse4_1 sse4_2 x2apic popcnt tsc_deadline_timer xsave avx lahf_lm epb tpr_shadow vnmi flexpriority ept vpid xsaveopt dtherm arat pln pts
bugs		:
bogomips	: 4589.49
clflush size	: 64
cache_alignment	: 64
address sizes	: 36 bits physical, 48 bits virtual
power management:



Memory: 4k page, physical 3996992k(1570864k free), swap 3998716k(3998716k free)

vm_info: OpenJDK Server VM (25.111-b14) for linux-x86 JRE (1.8.0_111-8u111-b14-2ubuntu0.16.04.2-b14), built on Oct 27 2016 18:24:51 by "buildd" with gcc 5.4.0 20160609

time: Fri Jan  6 13:57:20 2017
elapsed time: 25 seconds (0d 0h 0m 25s)

